This is pdfTeX, Version 3.141592653-2.6-1.40.28 (MiKTeX 25.12) (preloaded format=pdflatex 2026.4.17)  13 JUN 2026 01:52
entering extended mode
 restricted \write18 enabled.
 file:line:error style messages enabled.
 %&-line parsing enabled.
**c:/Users/A547484/Desktop/latex_upload_pack/Thesis.tex
(c:/Users/A547484/Desktop/latex_upload_pack/Thesis.tex
LaTeX2e <2025-11-01>
L3 programming layer <2025-12-24>
(C:\Users\A547484\AppData\Local\Programs\MiKTeX\tex/latex/base\book.cls
Document Class: book 2025/01/22 v1.4n Standard LaTeX document class
(C:\Users\A547484\AppData\Local\Programs\MiKTeX\tex/latex/base\bk11.clo
File: bk11.clo 2025/01/22 v1.4n Standard LaTeX file (size option)
)
\c@part=\count275
\c@chapter=\count276
\c@section=\count277
\c@subsection=\count278
\c@subsubsection=\count279
\c@paragraph=\count280
\c@subparagraph=\count281
\c@figure=\count282
\c@table=\count283
\abovecaptionskip=\skip49
\belowcaptionskip=\skip50
\bibindent=\dimen148
) (C:\Users\A547484\AppData\Local\Programs\MiKTeX\tex/latex/csquotes\csquotes.sty
Package: csquotes 2024-04-04 v5.2o context-sensitive quotations (JAW)
 (C:\Users\A547484\AppData\Local\Programs\MiKTeX\tex/latex/etoolbox\etoolbox.sty
Package: etoolbox 2025/10/02 v2.5m e-TeX tools for LaTeX (JAW)
\etb@tempcnta=\count284
) (C:\Users\A547484\AppData\Local\Programs\MiKTeX\tex/latex/graphics\keyval.sty
Package: keyval 2022/05/29 v1.15 key=value parser (DPC)
\KV@toks@=\toks17
)
\csq@reset=\count285
\csq@gtype=\count286
\csq@glevel=\count287
\csq@qlevel=\count288
\csq@maxlvl=\count289
\csq@tshold=\count290
\csq@ltx@everypar=\toks18
 (C:\Users\A547484\AppData\Local\Programs\MiKTeX\tex/latex/csquotes\csquotes.def
File: csquotes.def 2024-04-04 v5.2o csquotes generic definitions (JAW)
)
Package csquotes Info: Trying to load configuration file 'csquotes.cfg'...
Package csquotes Info: ... configuration file loaded successfully.
 (C:\Users\A547484\AppData\Local\Programs\MiKTeX\tex/latex/csquotes\csquotes.cfg
File: csquotes.cfg 
)) (C:\Users\A547484\AppData\Local\Programs\MiKTeX\tex/latex/amsmath\amsmath.sty
Package: amsmath 2025/07/09 v2.17z AMS math features
\@mathmargin=\skip51

For additional information on amsmath, use the `?' option.
(C:\Users\A547484\AppData\Local\Programs\MiKTeX\tex/latex/amsmath\amstext.sty
Package: amstext 2024/11/17 v2.01 AMS text
 (C:\Users\A547484\AppData\Local\Programs\MiKTeX\tex/latex/amsmath\amsgen.sty
File: amsgen.sty 1999/11/30 v2.0 generic functions
\@emptytoks=\toks19
\ex@=\dimen149
)) (C:\Users\A547484\AppData\Local\Programs\MiKTeX\tex/latex/amsmath\amsbsy.sty
Package: amsbsy 1999/11/29 v1.2d Bold Symbols
\pmbraise@=\dimen150
) (C:\Users\A547484\AppData\Local\Programs\MiKTeX\tex/latex/amsmath\amsopn.sty
Package: amsopn 2022/04/08 v2.04 operator names
)
\inf@bad=\count291
LaTeX Info: Redefining \frac on input line 233.
\uproot@=\count292
\leftroot@=\count293
LaTeX Info: Redefining \overline on input line 398.
LaTeX Info: Redefining \colon on input line 409.
\classnum@=\count294
\DOTSCASE@=\count295
LaTeX Info: Redefining \ldots on input line 495.
LaTeX Info: Redefining \dots on input line 498.
LaTeX Info: Redefining \cdots on input line 619.
\Mathstrutbox@=\box53
\strutbox@=\box54
LaTeX Info: Redefining \big on input line 721.
LaTeX Info: Redefining \Big on input line 722.
LaTeX Info: Redefining \bigg on input line 723.
LaTeX Info: Redefining \Bigg on input line 724.
\big@size=\dimen151
LaTeX Font Info:    Redeclaring font encoding OML on input line 742.
LaTeX Font Info:    Redeclaring font encoding OMS on input line 743.
\macc@depth=\count296
LaTeX Info: Redefining \bmod on input line 904.
LaTeX Info: Redefining \pmod on input line 909.
LaTeX Info: Redefining \smash on input line 939.
LaTeX Info: Redefining \relbar on input line 969.
LaTeX Info: Redefining \Relbar on input line 970.
\c@MaxMatrixCols=\count297
\dotsspace@=\muskip17
\c@parentequation=\count298
\dspbrk@lvl=\count299
\tag@help=\toks20
\row@=\count300
\column@=\count301
\maxfields@=\count302
\andhelp@=\toks21
\eqnshift@=\dimen152
\alignsep@=\dimen153
\tagshift@=\dimen154
\tagwidth@=\dimen155
\totwidth@=\dimen156
\lineht@=\dimen157
\@envbody=\toks22
\multlinegap=\skip52
\multlinetaggap=\skip53
\mathdisplay@stack=\toks23
LaTeX Info: Redefining \[ on input line 2950.
LaTeX Info: Redefining \] on input line 2951.
) (C:\Users\A547484\AppData\Local\Programs\MiKTeX\tex/latex/tools\tabularx.sty
Package: tabularx 2023/12/11 v2.12a `tabularx' package (DPC)
 (C:\Users\A547484\AppData\Local\Programs\MiKTeX\tex/latex/tools\array.sty
Package: array 2025/09/25 v2.6n Tabular extension package (FMi)
\col@sep=\dimen158
\ar@mcellbox=\box55
\extrarowheight=\dimen159
\NC@list=\toks24
\extratabsurround=\skip54
\backup@length=\skip55
\ar@cellbox=\box56
)
\TX@col@width=\dimen160
\TX@old@table=\dimen161
\TX@old@col=\dimen162
\TX@target=\dimen163
\TX@delta=\dimen164
\TX@cols=\count303
\TX@ftn=\toks25
) (C:\Users\A547484\AppData\Local\Programs\MiKTeX\tex/latex/tools\longtable.sty
Package: longtable 2025-10-13 v4.24 Multi-page Table package (DPC)
\LTleft=\skip56
\LTright=\skip57
\LTpre=\skip58
\LTpost=\skip59
\LTchunksize=\count304
\LTcapwidth=\dimen165
\LT@head=\box57
\LT@firsthead=\box58
\LT@foot=\box59
\LT@lastfoot=\box60
\LT@gbox=\box61
\LT@cols=\count305
\LT@rows=\count306
\c@LT@tables=\count307
\c@LT@chunks=\count308
\LT@p@ftn=\toks26
) (C:\Users\A547484\AppData\Local\Programs\MiKTeX\tex/latex/ltablex\ltablex.sty
Package: ltablex 2014/08/13 v1.1 Modified tabularx
) (C:\Users\A547484\AppData\Local\Programs\MiKTeX\tex/latex/float\float.sty
Package: float 2001/11/08 v1.3d Float enhancements (AL)
\c@float@type=\count309
\float@exts=\toks27
\float@box=\box62
\@float@everytoks=\toks28
\@floatcapt=\box63
) (C:\Users\A547484\AppData\Local\Programs\MiKTeX\tex/generic/babel\babel.sty
Package: babel 2025/12/11 v25.17 The multilingual framework for LuaLaTeX, pdfLaTeX and XeLaTeX
\babel@savecnt=\count310
LaTeX Encoding Info:    Redeclaring text command \ij (encoding OT1) on input line 2068.
LaTeX Encoding Info:    Redeclaring text command \IJ (encoding OT1) on input line 2070.
LaTeX Encoding Info:    Redeclaring text command \ij (encoding T1) on input line 2072.
LaTeX Encoding Info:    Redeclaring text command \IJ (encoding T1) on input line 2073.
LaTeX Encoding Info:    Ignoring declaration for text command \ij (encoding ?) on input line 2074.
LaTeX Encoding Info:    Ignoring declaration for text command \IJ (encoding ?) on input line 2076.
LaTeX Encoding Info:    Ignoring declaration for text command \SS (encoding ?) on input line 2101.
\U@D=\dimen166
\l@unhyphenated=\language79
 (C:\Users\A547484\AppData\Local\Programs\MiKTeX\tex/generic/babel\txtbabel.def)
\bbl@readstream=\read2
\bbl@dirlevel=\count311
Package babel Info: Configuration files are deprecated, as
(babel)             they can break document portability.
(babel)             Reported on input line 4196.

*************************************
* Local config file bblopts.cfg used
*
(C:\Users\A547484\AppData\Local\Programs\MiKTeX\tex/latex/arabi\bblopts.cfg
File: bblopts.cfg 2005/09/08 v0.1 add Arabic and Farsi to "declared" options of babel
) (C:\Users\A547484\AppData\Local\Programs\MiKTeX\tex/generic/babel/locale/en\babel-english.tex)
Package babel Info: Importing font and identification data for english
(babel)             from babel-en.ini. Reported on input line 4320.
 (C:\Users\A547484\AppData\Local\Programs\MiKTeX\tex/latex/babel-english\english.ldf
Language: english 2017/06/06 v3.3r English support from the babel system
Package babel Info: Hyphen rules for 'canadian' set to \l@english
(babel)             (\language0). Reported on input line 102.
Package babel Info: Hyphen rules for 'australian' set to \l@ukenglish
(babel)             (\language73). Reported on input line 105.
Package babel Info: Hyphen rules for 'newzealand' set to \l@ukenglish
(babel)             (\language73). Reported on input line 108.
))
Package csquotes Info: Allocating character ".
 (C:\Users\A547484\AppData\Local\Programs\MiKTeX\tex/latex/base\fontenc.sty
Package: fontenc 2025/07/18 v2.1d Standard LaTeX package
) (C:\Users\A547484\AppData\Local\Programs\MiKTeX\tex/latex/base\inputenc.sty
Package: inputenc 2024/02/08 v1.3d Input encoding file
\inpenc@prehook=\toks29
\inpenc@posthook=\toks30
) (C:\Users\A547484\AppData\Local\Programs\MiKTeX\tex/latex/sectsty\sectsty.sty
Package: sectsty 2002/02/25 v2.0.2 Commands to change all sectional heading styles


LaTeX Warning: Command \underbar  has changed.
               Check if current package is valid.


LaTeX Warning: Command \underline  has changed.
               Check if current package is valid.

) (C:\Users\A547484\AppData\Local\Programs\MiKTeX\tex/latex/psnfss\helvet.sty
Package: helvet 2020/03/25 PSNFSS-v9.3 (WaS) 
) (C:\Users\A547484\AppData\Local\Programs\MiKTeX\tex/latex/psnfss\utopia.sty
Package: utopia 2020/03/25 PSNFSS-v9.3 (P.Dyballa) 


Package utopia Warning: This package is to be regarded as obsolete.
(utopia)                See the PSNFSS documentation.

) (C:\Users\A547484\AppData\Local\Programs\MiKTeX\tex/latex/setspace\setspace.sty
Package: setspace 2022/12/04 v6.7b set line spacing
) (C:\Users\A547484\AppData\Local\Programs\MiKTeX\tex/latex/enumitem\enumitem.sty
Package: enumitem 2025/02/06 v3.11 Customized lists
\labelindent=\skip60
\enit@outerparindent=\dimen167
\enit@toks=\toks31
\enit@inbox=\box64
\enit@count@id=\count312
\enitdp@description=\count313
) (C:\Users\A547484\AppData\Local\Programs\MiKTeX\tex/latex/booktabs\booktabs.sty
Package: booktabs 2020/01/12 v1.61803398 Publication quality tables
\heavyrulewidth=\dimen168
\lightrulewidth=\dimen169
\cmidrulewidth=\dimen170
\belowrulesep=\dimen171
\belowbottomsep=\dimen172
\aboverulesep=\dimen173
\abovetopsep=\dimen174
\cmidrulesep=\dimen175
\cmidrulekern=\dimen176
\defaultaddspace=\dimen177
\@cmidla=\count314
\@cmidlb=\count315
\@aboverulesep=\dimen178
\@belowrulesep=\dimen179
\@thisruleclass=\count316
\@lastruleclass=\count317
\@thisrulewidth=\dimen180
) (C:\Users\A547484\AppData\Local\Programs\MiKTeX\tex/latex/url\url.sty
\Urlmuskip=\muskip18
Package: url 2013/09/16  ver 3.4  Verb mode for urls, etc.
) (C:\Users\A547484\AppData\Local\Programs\MiKTeX\tex/latex/biblatex\biblatex.sty
Package: biblatex 2025/07/10 v3.21 programmable bibliographies (PK/MW)
 (C:\Users\A547484\AppData\Local\Programs\MiKTeX\tex/generic/pdftexcmds\pdftexcmds.sty
Package: pdftexcmds 2020-06-27 v0.33 Utility functions of pdfTeX for LuaTeX (HO)
 (C:\Users\A547484\AppData\Local\Programs\MiKTeX\tex/generic/infwarerr\infwarerr.sty
Package: infwarerr 2019/12/03 v1.5 Providing info/warning/error messages (HO)
) (C:\Users\A547484\AppData\Local\Programs\MiKTeX\tex/generic/iftex\iftex.sty
Package: iftex 2024/12/12 v1.0g TeX engine tests
) (C:\Users\A547484\AppData\Local\Programs\MiKTeX\tex/generic/ltxcmds\ltxcmds.sty
Package: ltxcmds 2023-12-04 v1.26 LaTeX kernel commands for general use (HO)
)
Package pdftexcmds Info: \pdf@primitive is available.
Package pdftexcmds Info: \pdf@ifprimitive is available.
Package pdftexcmds Info: \pdfdraftmode found.
) (C:\Users\A547484\AppData\Local\Programs\MiKTeX\tex/latex/kvoptions\kvoptions.sty
Package: kvoptions 2022-06-15 v3.15 Key value format for package options (HO)
 (C:\Users\A547484\AppData\Local\Programs\MiKTeX\tex/latex/kvsetkeys\kvsetkeys.sty
Package: kvsetkeys 2022-10-05 v1.19 Key value parser (HO)
)) (C:\Users\A547484\AppData\Local\Programs\MiKTeX\tex/latex/logreq\logreq.sty
Package: logreq 2010/08/04 v1.0 xml request logger
\lrq@indent=\count318
 (C:\Users\A547484\AppData\Local\Programs\MiKTeX\tex/latex/logreq\logreq.def
File: logreq.def 2010/08/04 v1.0 logreq spec v1.0
)) (C:\Users\A547484\AppData\Local\Programs\MiKTeX\tex/latex/base\ifthen.sty
Package: ifthen 2024/03/16 v1.1e Standard LaTeX ifthen package (DPC)
)
\c@tabx@nest=\count319
\c@listtotal=\count320
\c@listcount=\count321
\c@liststart=\count322
\c@liststop=\count323
\c@citecount=\count324
\c@citetotal=\count325
\c@multicitecount=\count326
\c@multicitetotal=\count327
\c@instcount=\count328
\c@maxnames=\count329
\c@minnames=\count330
\c@maxitems=\count331
\c@minitems=\count332
\c@citecounter=\count333
\c@maxcitecounter=\count334
\c@savedcitecounter=\count335
\c@uniquelist=\count336
\c@uniquename=\count337
\c@refsection=\count338
\c@refsegment=\count339
\c@maxextratitle=\count340
\c@maxextratitleyear=\count341
\c@maxextraname=\count342
\c@maxextradate=\count343
\c@maxextraalpha=\count344
\c@abbrvpenalty=\count345
\c@highnamepenalty=\count346
\c@lownamepenalty=\count347
\c@maxparens=\count348
\c@parenlevel=\count349
\blx@tempcnta=\count350
\blx@tempcntb=\count351
\blx@tempcntc=\count352
\c@blx@maxsection=\count353
\blx@maxsegment@0=\count354
\blx@notetype=\count355
\blx@parenlevel@text=\count356
\blx@parenlevel@foot=\count357
\blx@sectionciteorder@0=\count358
\blx@sectionciteorderinternal@0=\count359
\blx@entrysetcounter=\count360
\blx@biblioinstance=\count361
\labelnumberwidth=\skip61
\labelalphawidth=\skip62
\biblabelsep=\skip63
\bibitemsep=\skip64
\bibnamesep=\skip65
\bibinitsep=\skip66
\bibparsep=\skip67
\bibhang=\skip68
\blx@bcfin=\read3
\blx@bcfout=\write3
\blx@langwohyphens=\language80
\c@mincomprange=\count362
\c@maxcomprange=\count363
\c@mincompwidth=\count364
Package biblatex Info: Trying to load biblatex default data model...
Package biblatex Info: ... file 'blx-dm.def' found.
 (C:\Users\A547484\AppData\Local\Programs\MiKTeX\tex/latex/biblatex\blx-dm.def
File: blx-dm.def 2025/07/10 v3.21 biblatex datamodel (PK/MW)
)
Package biblatex Info: Trying to load biblatex style data model...
Package biblatex Info: ... file 'numeric.dbx' not found.
Package biblatex Info: Trying to load biblatex custom data model...
Package biblatex Info: ... file 'biblatex-dm.cfg' not found.
\c@afterword=\count365
\c@savedafterword=\count366
\c@annotator=\count367
\c@savedannotator=\count368
\c@author=\count369
\c@savedauthor=\count370
\c@bookauthor=\count371
\c@savedbookauthor=\count372
\c@commentator=\count373
\c@savedcommentator=\count374
\c@editor=\count375
\c@savededitor=\count376
\c@editora=\count377
\c@savededitora=\count378
\c@editorb=\count379
\c@savededitorb=\count380
\c@editorc=\count381
\c@savededitorc=\count382
\c@foreword=\count383
\c@savedforeword=\count384
\c@holder=\count385
\c@savedholder=\count386
\c@introduction=\count387
\c@savedintroduction=\count388
\c@namea=\count389
\c@savednamea=\count390
\c@nameb=\count391
\c@savednameb=\count392
\c@namec=\count393
\c@savednamec=\count394
\c@translator=\count395
\c@savedtranslator=\count396
\c@shortauthor=\count397
\c@savedshortauthor=\count398
\c@shorteditor=\count399
\c@savedshorteditor=\count400
\c@labelname=\count401
\c@savedlabelname=\count402
\c@institution=\count403
\c@savedinstitution=\count404
\c@lista=\count405
\c@savedlista=\count406
\c@listb=\count407
\c@savedlistb=\count408
\c@listc=\count409
\c@savedlistc=\count410
\c@listd=\count411
\c@savedlistd=\count412
\c@liste=\count413
\c@savedliste=\count414
\c@listf=\count415
\c@savedlistf=\count416
\c@location=\count417
\c@savedlocation=\count418
\c@organization=\count419
\c@savedorganization=\count420
\c@origlocation=\count421
\c@savedoriglocation=\count422
\c@origpublisher=\count423
\c@savedorigpublisher=\count424
\c@publisher=\count425
\c@savedpublisher=\count426
\c@language=\count427
\c@savedlanguage=\count428
\c@origlanguage=\count429
\c@savedoriglanguage=\count430
\c@pageref=\count431
\c@savedpageref=\count432
\shorthandwidth=\skip69
\shortjournalwidth=\skip70
\shortserieswidth=\skip71
\shorttitlewidth=\skip72
\shortauthorwidth=\skip73
\shorteditorwidth=\skip74
\locallabelnumberwidth=\skip75
\locallabelalphawidth=\skip76
\localshorthandwidth=\skip77
\localshortjournalwidth=\skip78
\localshortserieswidth=\skip79
\localshorttitlewidth=\skip80
\localshortauthorwidth=\skip81
\localshorteditorwidth=\skip82
Package biblatex Info: Trying to load compatibility code...
Package biblatex Info: ... file 'blx-compat.def' found.
 (C:\Users\A547484\AppData\Local\Programs\MiKTeX\tex/latex/biblatex\blx-compat.def
File: blx-compat.def 2025/07/10 v3.21 biblatex compatibility (PK/MW)
)
Package biblatex Info: Trying to load generic definitions...
Package biblatex Info: ... file 'biblatex.def' found.
 (C:\Users\A547484\AppData\Local\Programs\MiKTeX\tex/latex/biblatex\biblatex.def
File: biblatex.def 2025/07/10 v3.21 biblatex compatibility (PK/MW)
\c@textcitecount=\count433
\c@textcitetotal=\count434
\c@textcitemaxnames=\count435
\c@biburlbigbreakpenalty=\count436
\c@biburlbreakpenalty=\count437
\c@biburlnumpenalty=\count438
\c@biburlucpenalty=\count439
\c@biburllcpenalty=\count440
\biburlbigskip=\muskip19
\biburlnumskip=\muskip20
\biburlucskip=\muskip21
\biburllcskip=\muskip22
\c@smartand=\count441
)
Package biblatex Info: Trying to load bibliography style 'numeric'...
Package biblatex Info: ... file 'numeric.bbx' found.
 (C:\Users\A547484\AppData\Local\Programs\MiKTeX\tex/latex/biblatex/bbx\numeric.bbx
File: numeric.bbx 2025/07/10 v3.21 biblatex bibliography style (PK/MW)
Package biblatex Info: Trying to load bibliography style 'standard'...
Package biblatex Info: ... file 'standard.bbx' found.
 (C:\Users\A547484\AppData\Local\Programs\MiKTeX\tex/latex/biblatex/bbx\standard.bbx
File: standard.bbx 2025/07/10 v3.21 biblatex bibliography style (PK/MW)
\c@bbx:relatedcount=\count442
\c@bbx:relatedtotal=\count443
))
Package biblatex Info: Trying to load citation style 'numeric'...
Package biblatex Info: ... file 'numeric.cbx' found.
 (C:\Users\A547484\AppData\Local\Programs\MiKTeX\tex/latex/biblatex/cbx\numeric.cbx
File: numeric.cbx 2025/07/10 v3.21 biblatex citation style (PK/MW)
Package biblatex Info: Redefining '\cite'.
Package biblatex Info: Redefining '\parencite'.
Package biblatex Info: Redefining '\footcite'.
Package biblatex Info: Redefining '\footcitetext'.
Package biblatex Info: Redefining '\smartcite'.
Package biblatex Info: Redefining '\supercite'.
Package biblatex Info: Redefining '\textcite'.
Package biblatex Info: Redefining '\textcites'.
Package biblatex Info: Redefining '\cites'.
Package biblatex Info: Redefining '\parencites'.
Package biblatex Info: Redefining '\smartcites'.
)
Package biblatex Info: Trying to load configuration file...
Package biblatex Info: ... file 'biblatex.cfg' found.
 (C:\Users\A547484\AppData\Local\Programs\MiKTeX\tex/latex/biblatex\biblatex.cfg
File: biblatex.cfg 
)
Package biblatex Info: Input encoding 'utf8' detected.
Package biblatex Info: Document encoding is UTF8 ....
 (C:\Users\A547484\AppData\Local\Programs\MiKTeX\tex/latex/l3kernel\expl3.sty
Package: expl3 2025-12-24 L3 programming layer (loader) 
 (C:\Users\A547484\AppData\Local\Programs\MiKTeX\tex/latex/l3backend\l3backend-pdftex.def
File: l3backend-pdftex.def 2025-10-09 L3 backend support: PDF output (pdfTeX)
\l__color_backend_stack_int=\count444
))
Package biblatex Info: ... and expl3
(biblatex)             2025-12-24 L3 programming layer (loader) 
(biblatex)             is new enough (at least 2020/04/06),
(biblatex)             setting 'casechanger=expl3'.
 (C:\Users\A547484\AppData\Local\Programs\MiKTeX\tex/latex/biblatex\blx-case-expl3.sty (C:\Users\A547484\AppData\Local\Programs\MiKTeX\tex/latex/l3packages/xparse\xparse.sty
Package: xparse 2025-10-09 L3 Experimental document command parser
)
Package: blx-case-expl3 2025/07/10 v3.21 expl3 case changing code for biblatex
)) (C:\Users\A547484\AppData\Local\Programs\MiKTeX\tex/latex/geometry\geometry.sty
Package: geometry 2026/03/07 v6.0 Page Geometry
 (C:\Users\A547484\AppData\Local\Programs\MiKTeX\tex/generic/iftex\ifvtex.sty
Package: ifvtex 2019/10/25 v1.7 ifvtex legacy package. Use iftex instead.
)
\Gm@cnth=\count445
\Gm@cntv=\count446
\c@Gm@tempcnt=\count447
\Gm@bindingoffset=\dimen181
\Gm@wd@mp=\dimen182
\Gm@odd@mp=\dimen183
\Gm@even@mp=\dimen184
\Gm@layoutwidth=\dimen185
\Gm@layoutheight=\dimen186
\Gm@layouthoffset=\dimen187
\Gm@layoutvoffset=\dimen188
\Gm@dimlist=\toks32
 (C:\Users\A547484\AppData\Local\Programs\MiKTeX\tex/latex/geometry\geometry.cfg)) (C:\Users\A547484\AppData\Local\Programs\MiKTeX\tex/latex/fancyhdr\fancyhdr.sty
Package: fancyhdr 2025/02/07 v5.2 Extensive control of page headers and footers
\f@nch@headwidth=\skip83
\f@nch@offset@elh=\skip84
\f@nch@offset@erh=\skip85
\f@nch@offset@olh=\skip86
\f@nch@offset@orh=\skip87
\f@nch@offset@elf=\skip88
\f@nch@offset@erf=\skip89
\f@nch@offset@olf=\skip90
\f@nch@offset@orf=\skip91
\f@nch@height=\skip92
\f@nch@footalignment=\skip93
\f@nch@widthL=\skip94
\f@nch@widthC=\skip95
\f@nch@widthR=\skip96
\@temptokenb=\toks33
) (C:\Users\A547484\AppData\Local\Programs\MiKTeX\tex/latex/tocbibind\tocbibind.sty
Package: tocbibind 2010/10/13 v1.5k extra ToC listings
Package tocbibind Info: The document has chapter divisions on input line 50.


Package tocbibind Note: Using chapter style headings, unless overridden.

) (C:\Users\A547484\AppData\Local\Programs\MiKTeX\tex/latex/titlesec\titlesec.sty
Package: titlesec 2025/01/04 v2.17 Sectioning titles
\ttl@box=\box65
\beforetitleunit=\skip97
\aftertitleunit=\skip98
\ttl@plus=\dimen189
\ttl@minus=\dimen190
\ttl@toksa=\toks34
\titlewidth=\dimen191
\titlewidthlast=\dimen192
\titlewidthfirst=\dimen193
) (C:\Users\A547484\AppData\Local\Programs\MiKTeX\tex/latex/hyperref\hyperref.sty
Package: hyperref 2025-07-12 v7.01o Hypertext links for LaTeX
 (C:\Users\A547484\AppData\Local\Programs\MiKTeX\tex/generic/kvdefinekeys\kvdefinekeys.sty
Package: kvdefinekeys 2019-12-19 v1.6 Define keys (HO)
) (C:\Users\A547484\AppData\Local\Programs\MiKTeX\tex/generic/pdfescape\pdfescape.sty
Package: pdfescape 2019/12/09 v1.15 Implements pdfTeX's escape features (HO)
) (C:\Users\A547484\AppData\Local\Programs\MiKTeX\tex/latex/hycolor\hycolor.sty
Package: hycolor 2020-01-27 v1.10 Color options for hyperref/bookmark (HO)
) (C:\Users\A547484\AppData\Local\Programs\MiKTeX\tex/latex/hyperref\nameref.sty
Package: nameref 2025-06-21 v2.57 Cross-referencing by name of section
 (C:\Users\A547484\AppData\Local\Programs\MiKTeX\tex/latex/refcount\refcount.sty
Package: refcount 2019/12/15 v3.6 Data extraction from label references (HO)
) (C:\Users\A547484\AppData\Local\Programs\MiKTeX\tex/generic/gettitlestring\gettitlestring.sty
Package: gettitlestring 2019/12/15 v1.6 Cleanup title references (HO)
)
\c@section@level=\count448
) (C:\Users\A547484\AppData\Local\Programs\MiKTeX\tex/generic/stringenc\stringenc.sty
Package: stringenc 2019/11/29 v1.12 Convert strings between diff. encodings (HO)
)
\@linkdim=\dimen194
\Hy@linkcounter=\count449
\Hy@pagecounter=\count450
 (C:\Users\A547484\AppData\Local\Programs\MiKTeX\tex/latex/hyperref\pd1enc.def
File: pd1enc.def 2025-07-12 v7.01o Hyperref: PDFDocEncoding definition (HO)
Now handling font encoding PD1 ...
... no UTF-8 mapping file for font encoding PD1
) (C:\Users\A547484\AppData\Local\Programs\MiKTeX\tex/generic/intcalc\intcalc.sty
Package: intcalc 2019/12/15 v1.3 Expandable calculations with integers (HO)
)
\Hy@SavedSpaceFactor=\count451
 (C:\Users\A547484\AppData\Local\Programs\MiKTeX\tex/latex/hyperref\puenc.def
File: puenc.def 2025-07-12 v7.01o Hyperref: PDF Unicode definition (HO)
Now handling font encoding PU ...
... no UTF-8 mapping file for font encoding PU
)
Package hyperref Info: Hyper figures OFF on input line 4195.
Package hyperref Info: Link nesting OFF on input line 4200.
Package hyperref Info: Hyper index ON on input line 4203.
Package hyperref Info: Plain pages OFF on input line 4210.
Package hyperref Info: Backreferencing OFF on input line 4215.
Package hyperref Info: Implicit mode ON; LaTeX internals redefined.
Package hyperref Info: Bookmarks ON on input line 4462.
\c@Hy@tempcnt=\count452
LaTeX Info: Redefining \url on input line 4801.
\XeTeXLinkMargin=\dimen195
 (C:\Users\A547484\AppData\Local\Programs\MiKTeX\tex/generic/bitset\bitset.sty
Package: bitset 2019/12/09 v1.3 Handle bit-vector datatype (HO)
 (C:\Users\A547484\AppData\Local\Programs\MiKTeX\tex/generic/bigintcalc\bigintcalc.sty
Package: bigintcalc 2019/12/15 v1.5 Expandable calculations on big integers (HO)
))
\Fld@menulength=\count453
\Field@Width=\dimen196
\Fld@charsize=\dimen197
Package hyperref Info: Hyper figures OFF on input line 6078.
Package hyperref Info: Link nesting OFF on input line 6083.
Package hyperref Info: Hyper index ON on input line 6086.
Package hyperref Info: backreferencing OFF on input line 6093.
Package hyperref Info: Link coloring OFF on input line 6098.
Package hyperref Info: Link coloring with OCG OFF on input line 6103.
Package hyperref Info: PDF/A mode OFF on input line 6108.
\Hy@abspage=\count454
\c@Item=\count455
\c@Hfootnote=\count456
)
Package hyperref Info: Driver (autodetected): hpdftex.
 (C:\Users\A547484\AppData\Local\Programs\MiKTeX\tex/latex/hyperref\hpdftex.def
File: hpdftex.def 2025-07-12 v7.01o Hyperref driver for pdfTeX
\Fld@listcount=\count457
\c@bookmark@seq@number=\count458
 (C:\Users\A547484\AppData\Local\Programs\MiKTeX\tex/latex/rerunfilecheck\rerunfilecheck.sty
Package: rerunfilecheck 2025-06-21 v1.11 Rerun checks for auxiliary files (HO)
 (C:\Users\A547484\AppData\Local\Programs\MiKTeX\tex/generic/uniquecounter\uniquecounter.sty
Package: uniquecounter 2019/12/15 v1.4 Provide unlimited unique counter (HO)
)
Package uniquecounter Info: New unique counter `rerunfilecheck' on input line 284.
)
\Hy@SectionHShift=\skip99
) (C:\Users\A547484\AppData\Local\Programs\MiKTeX\tex/latex/graphics\graphicx.sty
Package: graphicx 2024/12/31 v1.2e Enhanced LaTeX Graphics (DPC,SPQR)
 (C:\Users\A547484\AppData\Local\Programs\MiKTeX\tex/latex/graphics\graphics.sty
Package: graphics 2024/08/06 v1.4g Standard LaTeX Graphics (DPC,SPQR)
 (C:\Users\A547484\AppData\Local\Programs\MiKTeX\tex/latex/graphics\trig.sty
Package: trig 2023/12/02 v1.11 sin cos tan (DPC)
) (C:\Users\A547484\AppData\Local\Programs\MiKTeX\tex/latex/graphics-cfg\graphics.cfg
File: graphics.cfg 2016/06/04 v1.11 sample graphics configuration
)
Package graphics Info: Driver file: pdftex.def on input line 106.
 (C:\Users\A547484\AppData\Local\Programs\MiKTeX\tex/latex/graphics-def\pdftex.def
File: pdftex.def 2025/09/29 v1.2d Graphics/color driver for pdftex
))
\Gin@req@height=\dimen198
\Gin@req@width=\dimen199
) (C:\Users\A547484\AppData\Local\Programs\MiKTeX\tex/latex/pgf/frontendlayer\tikz.sty (C:\Users\A547484\AppData\Local\Programs\MiKTeX\tex/latex/pgf/basiclayer\pgf.sty (C:\Users\A547484\AppData\Local\Programs\MiKTeX\tex/latex/pgf/utilities\pgfrcs.sty (C:\Users\A547484\AppData\Local\Programs\MiKTeX\tex/generic/pgf/utilities\pgfutil-common.tex
\pgfutil@everybye=\toks35
\pgfutil@tempdima=\dimen256
\pgfutil@tempdimb=\dimen257
) (C:\Users\A547484\AppData\Local\Programs\MiKTeX\tex/generic/pgf/utilities\pgfutil-latex.def
\pgfutil@abb=\box66
) (C:\Users\A547484\AppData\Local\Programs\MiKTeX\tex/generic/pgf/utilities\pgfrcs.code.tex (C:\Users\A547484\AppData\Local\Programs\MiKTeX\tex/generic/pgf\pgf.revision.tex)
Package: pgfrcs 2025-08-29 v3.1.11a (3.1.11a)
))
Package: pgf 2025-08-29 v3.1.11a (3.1.11a)
 (C:\Users\A547484\AppData\Local\Programs\MiKTeX\tex/latex/pgf/basiclayer\pgfcore.sty (C:\Users\A547484\AppData\Local\Programs\MiKTeX\tex/latex/pgf/systemlayer\pgfsys.sty (C:\Users\A547484\AppData\Local\Programs\MiKTeX\tex/generic/pgf/systemlayer\pgfsys.code.tex
Package: pgfsys 2025-08-29 v3.1.11a (3.1.11a)
 (C:\Users\A547484\AppData\Local\Programs\MiKTeX\tex/generic/pgf/utilities\pgfkeys.code.tex
\pgfkeys@pathtoks=\toks36
\pgfkeys@temptoks=\toks37
 (C:\Users\A547484\AppData\Local\Programs\MiKTeX\tex/generic/pgf/utilities\pgfkeyslibraryfiltered.code.tex
\pgfkeys@tmptoks=\toks38
))
\pgf@x=\dimen258
\pgf@y=\dimen259
\pgf@xa=\dimen260
\pgf@ya=\dimen261
\pgf@xb=\dimen262
\pgf@yb=\dimen263
\pgf@xc=\dimen264
\pgf@yc=\dimen265
\pgf@xd=\dimen266
\pgf@yd=\dimen267
\w@pgf@writea=\write4
\r@pgf@reada=\read4
\c@pgf@counta=\count459
\c@pgf@countb=\count460
\c@pgf@countc=\count461
\c@pgf@countd=\count462
\t@pgf@toka=\toks39
\t@pgf@tokb=\toks40
\t@pgf@tokc=\toks41
\pgf@sys@id@count=\count463
 (C:\Users\A547484\AppData\Local\Programs\MiKTeX\tex/generic/pgf/systemlayer\pgf.cfg
File: pgf.cfg 2025-08-29 v3.1.11a (3.1.11a)
)
Driver file for pgf: pgfsys-pdftex.def
 (C:\Users\A547484\AppData\Local\Programs\MiKTeX\tex/generic/pgf/systemlayer\pgfsys-pdftex.def
File: pgfsys-pdftex.def 2025-08-29 v3.1.11a (3.1.11a)
 (C:\Users\A547484\AppData\Local\Programs\MiKTeX\tex/generic/pgf/systemlayer\pgfsys-common-pdf.def
File: pgfsys-common-pdf.def 2025-08-29 v3.1.11a (3.1.11a)
))) (C:\Users\A547484\AppData\Local\Programs\MiKTeX\tex/generic/pgf/systemlayer\pgfsyssoftpath.code.tex
File: pgfsyssoftpath.code.tex 2025-08-29 v3.1.11a (3.1.11a)
\pgfsyssoftpath@smallbuffer@items=\count464
\pgfsyssoftpath@bigbuffer@items=\count465
) (C:\Users\A547484\AppData\Local\Programs\MiKTeX\tex/generic/pgf/systemlayer\pgfsysprotocol.code.tex
File: pgfsysprotocol.code.tex 2025-08-29 v3.1.11a (3.1.11a)
)) (C:\Users\A547484\AppData\Local\Programs\MiKTeX\tex/latex/xcolor\xcolor.sty
Package: xcolor 2024/09/29 v3.02 LaTeX color extensions (UK)
 (C:\Users\A547484\AppData\Local\Programs\MiKTeX\tex/latex/graphics-cfg\color.cfg
File: color.cfg 2016/01/02 v1.6 sample color configuration
)
Package xcolor Info: Driver file: pdftex.def on input line 274.
 (C:\Users\A547484\AppData\Local\Programs\MiKTeX\tex/latex/graphics\mathcolor.ltx)
Package xcolor Info: Model `cmy' substituted by `cmy0' on input line 1349.
Package xcolor Info: Model `hsb' substituted by `rgb' on input line 1353.
Package xcolor Info: Model `RGB' extended on input line 1365.
Package xcolor Info: Model `HTML' substituted by `rgb' on input line 1367.
Package xcolor Info: Model `Hsb' substituted by `hsb' on input line 1368.
Package xcolor Info: Model `tHsb' substituted by `hsb' on input line 1369.
Package xcolor Info: Model `HSB' substituted by `hsb' on input line 1370.
Package xcolor Info: Model `Gray' substituted by `gray' on input line 1371.
Package xcolor Info: Model `wave' substituted by `hsb' on input line 1372.
) (C:\Users\A547484\AppData\Local\Programs\MiKTeX\tex/generic/pgf/basiclayer\pgfcore.code.tex
Package: pgfcore 2025-08-29 v3.1.11a (3.1.11a)
 (C:\Users\A547484\AppData\Local\Programs\MiKTeX\tex/generic/pgf/math\pgfmath.code.tex (C:\Users\A547484\AppData\Local\Programs\MiKTeX\tex/generic/pgf/math\pgfmathutil.code.tex) (C:\Users\A547484\AppData\Local\Programs\MiKTeX\tex/generic/pgf/math\pgfmathparser.code.tex
\pgfmath@dimen=\dimen268
\pgfmath@count=\count466
\pgfmath@box=\box67
\pgfmath@toks=\toks42
\pgfmath@stack@operand=\toks43
\pgfmath@stack@operation=\toks44
) (C:\Users\A547484\AppData\Local\Programs\MiKTeX\tex/generic/pgf/math\pgfmathfunctions.code.tex) (C:\Users\A547484\AppData\Local\Programs\MiKTeX\tex/generic/pgf/math\pgfmathfunctions.basic.code.tex) (C:\Users\A547484\AppData\Local\Programs\MiKTeX\tex/generic/pgf/math\pgfmathfunctions.trigonometric.code.tex) (C:\Users\A547484\AppData\Local\Programs\MiKTeX\tex/generic/pgf/math\pgfmathfunctions.random.code.tex) (C:\Users\A547484\AppData\Local\Programs\MiKTeX\tex/generic/pgf/math\pgfmathfunctions.comparison.code.tex) (C:\Users\A547484\AppData\Local\Programs\MiKTeX\tex/generic/pgf/math\pgfmathfunctions.base.code.tex) (C:\Users\A547484\AppData\Local\Programs\MiKTeX\tex/generic/pgf/math\pgfmathfunctions.round.code.tex) (C:\Users\A547484\AppData\Local\Programs\MiKTeX\tex/generic/pgf/math\pgfmathfunctions.misc.code.tex) (C:\Users\A547484\AppData\Local\Programs\MiKTeX\tex/generic/pgf/math\pgfmathfunctions.integerarithmetics.code.tex) (C:\Users\A547484\AppData\Local\Programs\MiKTeX\tex/generic/pgf/math\pgfmathcalc.code.tex) (C:\Users\A547484\AppData\Local\Programs\MiKTeX\tex/generic/pgf/math\pgfmathfloat.code.tex
\c@pgfmathroundto@lastzeros=\count467
)) (C:\Users\A547484\AppData\Local\Programs\MiKTeX\tex/generic/pgf/math\pgfint.code.tex) (C:\Users\A547484\AppData\Local\Programs\MiKTeX\tex/generic/pgf/basiclayer\pgfcorepoints.code.tex
File: pgfcorepoints.code.tex 2025-08-29 v3.1.11a (3.1.11a)
\pgf@picminx=\dimen269
\pgf@picmaxx=\dimen270
\pgf@picminy=\dimen271
\pgf@picmaxy=\dimen272
\pgf@pathminx=\dimen273
\pgf@pathmaxx=\dimen274
\pgf@pathminy=\dimen275
\pgf@pathmaxy=\dimen276
\pgf@xx=\dimen277
\pgf@xy=\dimen278
\pgf@yx=\dimen279
\pgf@yy=\dimen280
\pgf@zx=\dimen281
\pgf@zy=\dimen282
) (C:\Users\A547484\AppData\Local\Programs\MiKTeX\tex/generic/pgf/basiclayer\pgfcorepathconstruct.code.tex
File: pgfcorepathconstruct.code.tex 2025-08-29 v3.1.11a (3.1.11a)
\pgf@path@lastx=\dimen283
\pgf@path@lasty=\dimen284
) (C:\Users\A547484\AppData\Local\Programs\MiKTeX\tex/generic/pgf/basiclayer\pgfcorepathusage.code.tex
File: pgfcorepathusage.code.tex 2025-08-29 v3.1.11a (3.1.11a)
\pgf@shorten@end@additional=\dimen285
\pgf@shorten@start@additional=\dimen286
) (C:\Users\A547484\AppData\Local\Programs\MiKTeX\tex/generic/pgf/basiclayer\pgfcorescopes.code.tex
File: pgfcorescopes.code.tex 2025-08-29 v3.1.11a (3.1.11a)
\pgfpic=\box68
\pgf@hbox=\box69
\pgf@layerbox@main=\box70
\pgf@picture@serial@count=\count468
) (C:\Users\A547484\AppData\Local\Programs\MiKTeX\tex/generic/pgf/basiclayer\pgfcoregraphicstate.code.tex
File: pgfcoregraphicstate.code.tex 2025-08-29 v3.1.11a (3.1.11a)
\pgflinewidth=\dimen287
) (C:\Users\A547484\AppData\Local\Programs\MiKTeX\tex/generic/pgf/basiclayer\pgfcoretransformations.code.tex
File: pgfcoretransformations.code.tex 2025-08-29 v3.1.11a (3.1.11a)
\pgf@pt@x=\dimen288
\pgf@pt@y=\dimen289
\pgf@pt@temp=\dimen290
) (C:\Users\A547484\AppData\Local\Programs\MiKTeX\tex/generic/pgf/basiclayer\pgfcorequick.code.tex
File: pgfcorequick.code.tex 2025-08-29 v3.1.11a (3.1.11a)
) (C:\Users\A547484\AppData\Local\Programs\MiKTeX\tex/generic/pgf/basiclayer\pgfcoreobjects.code.tex
File: pgfcoreobjects.code.tex 2025-08-29 v3.1.11a (3.1.11a)
) (C:\Users\A547484\AppData\Local\Programs\MiKTeX\tex/generic/pgf/basiclayer\pgfcorepathprocessing.code.tex
File: pgfcorepathprocessing.code.tex 2025-08-29 v3.1.11a (3.1.11a)
) (C:\Users\A547484\AppData\Local\Programs\MiKTeX\tex/generic/pgf/basiclayer\pgfcorearrows.code.tex
File: pgfcorearrows.code.tex 2025-08-29 v3.1.11a (3.1.11a)
\pgfarrowsep=\dimen291
) (C:\Users\A547484\AppData\Local\Programs\MiKTeX\tex/generic/pgf/basiclayer\pgfcoreshade.code.tex
File: pgfcoreshade.code.tex 2025-08-29 v3.1.11a (3.1.11a)
\pgf@max=\dimen292
\pgf@sys@shading@range@num=\count469
\pgf@shadingcount=\count470
) (C:\Users\A547484\AppData\Local\Programs\MiKTeX\tex/generic/pgf/basiclayer\pgfcoreimage.code.tex
File: pgfcoreimage.code.tex 2025-08-29 v3.1.11a (3.1.11a)
) (C:\Users\A547484\AppData\Local\Programs\MiKTeX\tex/generic/pgf/basiclayer\pgfcoreexternal.code.tex
File: pgfcoreexternal.code.tex 2025-08-29 v3.1.11a (3.1.11a)
\pgfexternal@startupbox=\box71
) (C:\Users\A547484\AppData\Local\Programs\MiKTeX\tex/generic/pgf/basiclayer\pgfcorelayers.code.tex
File: pgfcorelayers.code.tex 2025-08-29 v3.1.11a (3.1.11a)
) (C:\Users\A547484\AppData\Local\Programs\MiKTeX\tex/generic/pgf/basiclayer\pgfcoretransparency.code.tex
File: pgfcoretransparency.code.tex 2025-08-29 v3.1.11a (3.1.11a)
) (C:\Users\A547484\AppData\Local\Programs\MiKTeX\tex/generic/pgf/basiclayer\pgfcorepatterns.code.tex
File: pgfcorepatterns.code.tex 2025-08-29 v3.1.11a (3.1.11a)
) (C:\Users\A547484\AppData\Local\Programs\MiKTeX\tex/generic/pgf/basiclayer\pgfcorerdf.code.tex
File: pgfcorerdf.code.tex 2025-08-29 v3.1.11a (3.1.11a)
))) (C:\Users\A547484\AppData\Local\Programs\MiKTeX\tex/generic/pgf/modules\pgfmoduleshapes.code.tex
File: pgfmoduleshapes.code.tex 2025-08-29 v3.1.11a (3.1.11a)
\pgfnodeparttextbox=\box72
) (C:\Users\A547484\AppData\Local\Programs\MiKTeX\tex/generic/pgf/modules\pgfmoduleplot.code.tex
File: pgfmoduleplot.code.tex 2025-08-29 v3.1.11a (3.1.11a)
) (C:\Users\A547484\AppData\Local\Programs\MiKTeX\tex/latex/pgf/compatibility\pgfcomp-version-0-65.sty
Package: pgfcomp-version-0-65 2025-08-29 v3.1.11a (3.1.11a)
\pgf@nodesepstart=\dimen293
\pgf@nodesepend=\dimen294
) (C:\Users\A547484\AppData\Local\Programs\MiKTeX\tex/latex/pgf/compatibility\pgfcomp-version-1-18.sty
Package: pgfcomp-version-1-18 2025-08-29 v3.1.11a (3.1.11a)
)) (C:\Users\A547484\AppData\Local\Programs\MiKTeX\tex/latex/pgf/utilities\pgffor.sty (C:\Users\A547484\AppData\Local\Programs\MiKTeX\tex/latex/pgf/utilities\pgfkeys.sty (C:\Users\A547484\AppData\Local\Programs\MiKTeX\tex/generic/pgf/utilities\pgfkeys.code.tex)) (C:\Users\A547484\AppData\Local\Programs\MiKTeX\tex/latex/pgf/math\pgfmath.sty (C:\Users\A547484\AppData\Local\Programs\MiKTeX\tex/generic/pgf/math\pgfmath.code.tex)) (C:\Users\A547484\AppData\Local\Programs\MiKTeX\tex/generic/pgf/utilities\pgffor.code.tex
Package: pgffor 2025-08-29 v3.1.11a (3.1.11a)
\pgffor@iter=\dimen295
\pgffor@skip=\dimen296
\pgffor@stack=\toks45
\pgffor@toks=\toks46
)) (C:\Users\A547484\AppData\Local\Programs\MiKTeX\tex/generic/pgf/frontendlayer/tikz\tikz.code.tex
Package: tikz 2025-08-29 v3.1.11a (3.1.11a)
 (C:\Users\A547484\AppData\Local\Programs\MiKTeX\tex/generic/pgf/libraries\pgflibraryplothandlers.code.tex
File: pgflibraryplothandlers.code.tex 2025-08-29 v3.1.11a (3.1.11a)
\pgf@plot@mark@count=\count471
\pgfplotmarksize=\dimen297
)
\tikz@lastx=\dimen298
\tikz@lasty=\dimen299
\tikz@lastxsaved=\dimen300
\tikz@lastysaved=\dimen301
\tikz@lastmovetox=\dimen302
\tikz@lastmovetoy=\dimen303
\tikzleveldistance=\dimen304
\tikzsiblingdistance=\dimen305
\tikz@figbox=\box73
\tikz@figbox@bg=\box74
\tikz@tempbox=\box75
\tikz@tempbox@bg=\box76
\tikztreelevel=\count472
\tikznumberofchildren=\count473
\tikznumberofcurrentchild=\count474
\tikz@fig@count=\count475
 (C:\Users\A547484\AppData\Local\Programs\MiKTeX\tex/generic/pgf/modules\pgfmodulematrix.code.tex
File: pgfmodulematrix.code.tex 2025-08-29 v3.1.11a (3.1.11a)
\pgfmatrixcurrentrow=\count476
\pgfmatrixcurrentcolumn=\count477
\pgf@matrix@numberofcolumns=\count478
)
\tikz@expandcount=\count479
 (C:\Users\A547484\AppData\Local\Programs\MiKTeX\tex/generic/pgf/frontendlayer/tikz/libraries\tikzlibrarytopaths.code.tex
File: tikzlibrarytopaths.code.tex 2025-08-29 v3.1.11a (3.1.11a)
))) (C:\Users\A547484\AppData\Local\Programs\MiKTeX\tex/latex/tcolorbox\tcolorbox.sty
Package: tcolorbox 2025/11/28 version 6.9.0 text color boxes
 (C:\Users\A547484\AppData\Local\Programs\MiKTeX\tex/latex/tools\verbatim.sty
Package: verbatim 2024-01-22 v1.5x LaTeX2e package for verbatim enhancements
\every@verbatim=\toks47
\verbatim@line=\toks48
\verbatim@in@stream=\read5
) (C:\Users\A547484\AppData\Local\Programs\MiKTeX\tex/latex/environ\environ.sty
Package: environ 2014/05/04 v0.3 A new way to define environments
 (C:\Users\A547484\AppData\Local\Programs\MiKTeX\tex/latex/trimspaces\trimspaces.sty
Package: trimspaces 2009/09/17 v1.1 Trim spaces around a token list
))
\tcb@titlebox=\box77
\tcb@upperbox=\box78
\tcb@lowerbox=\box79
\tcb@phantombox=\box80
\c@tcbbreakpart=\count480
\c@tcblayer=\count481
\c@tcolorbox@number=\count482
\l__tcobox_tmpa_box=\box81
\l__tcobox_tmpa_dim=\dimen306
\tcb@temp=\box82
\tcb@temp=\box83
\tcb@temp=\box84
\tcb@temp=\box85
)

Package csquotes Warning: Load 'inputenc' before 'csquotes' on input line 141.

Package csquotes Info: Checking for multilingual support...
Package csquotes Info: ... found 'babel' package.
Package csquotes Info: Adjusting default style.
Package csquotes Info: Redefining alias 'default' -> 'english'.
LaTeX Font Info:    Trying to load font information for T1+put on input line 141.
(C:\Users\A547484\AppData\Local\Programs\MiKTeX\tex/latex/psnfss\t1put.fd
File: t1put.fd 2001/06/04 font definitions for T1/put.
) (Thesis.aux)
\openout1 = `Thesis.aux'.

LaTeX Font Info:    Checking defaults for OML/cmm/m/it on input line 141.
LaTeX Font Info:    ... okay on input line 141.
LaTeX Font Info:    Checking defaults for OMS/cmsy/m/n on input line 141.
LaTeX Font Info:    ... okay on input line 141.
LaTeX Font Info:    Checking defaults for OT1/cmr/m/n on input line 141.
LaTeX Font Info:    ... okay on input line 141.
LaTeX Font Info:    Checking defaults for T1/cmr/m/n on input line 141.
LaTeX Font Info:    ... okay on input line 141.
LaTeX Font Info:    Checking defaults for TS1/cmr/m/n on input line 141.
LaTeX Font Info:    ... okay on input line 141.
LaTeX Font Info:    Checking defaults for OMX/cmex/m/n on input line 141.
LaTeX Font Info:    ... okay on input line 141.
LaTeX Font Info:    Checking defaults for U/cmr/m/n on input line 141.
LaTeX Font Info:    ... okay on input line 141.
LaTeX Font Info:    Checking defaults for PD1/pdf/m/n on input line 141.
LaTeX Font Info:    ... okay on input line 141.
LaTeX Font Info:    Checking defaults for PU/pdf/m/n on input line 141.
LaTeX Font Info:    ... okay on input line 141.
Package csquotes Info: Making character " active on input line 141.
Package biblatex Info: Trying to load language 'english'...
Package biblatex Info: ... file 'english.lbx' found.
 (C:\Users\A547484\AppData\Local\Programs\MiKTeX\tex/latex/biblatex/lbx\english.lbx
File: english.lbx 2025/07/10 v3.21 biblatex localization (PK/MW)
)
Package biblatex Info: Input encoding 'utf8' detected.
Package biblatex Info: Automatic encoding selection.
(biblatex)             Assuming data encoding 'utf8'.
\openout3 = `Thesis.bcf'.

Package biblatex Info: Trying to load bibliographic data...
Package biblatex Info: ... file 'Thesis.bbl' not found.

No file Thesis.bbl.
Package biblatex Info: Reference section=0 on input line 141.
Package biblatex Info: Reference segment=0 on input line 141.
*geometry* driver: auto-detecting
*geometry* detected driver: pdftex
*geometry* verbose mode - [ preamble ] result:
* driver: pdftex
* paper: a4paper
* layout: <same size as paper>
* layoutoffset:(h,v)=(0.0pt,0.0pt)
* hratio: 1:1
* vratio: 1:1
* modes: twoside 
* h-part:(L,W,R)=(115.63243pt, 366.24301pt, 115.63243pt)
* v-part:(T,H,B)=(115.63243pt, 613.78198pt, 115.63243pt)
* \paperwidth=597.50787pt
* \paperheight=845.04684pt
* \textwidth=366.24301pt
* \textheight=613.78198pt
* \oddsidemargin=43.36244pt
* \evensidemargin=43.36244pt
* \topmargin=11.48865pt
* \headheight=12.0pt
* \headsep=19.8738pt
* \topskip=11.0pt
* \footskip=27.46295pt
* \marginparwidth=106.0pt
* \marginparsep=7.0pt
* \columnsep=10.0pt
* \skip\footins=10.0pt plus 4.0pt minus 2.0pt
* \hoffset=0.0pt
* \voffset=0.0pt
* \mag=1000
* \@twocolumnfalse
* \@twosidetrue
* \@mparswitchtrue
* \@reversemarginfalse
* (1in=72.27pt=25.4mm, 1cm=28.453pt)

Package hyperref Info: Link coloring OFF on input line 141.
\@outlinefile=\write5
\openout5 = `Thesis.out'.

(C:\Users\A547484\AppData\Local\Programs\MiKTeX\tex/context/base/mkii\supp-pdf.mkii
[Loading MPS to PDF converter (version 2006.09.02).]
\scratchcounter=\count483
\scratchdimen=\dimen307
\scratchbox=\box86
\nofMPsegments=\count484
\nofMParguments=\count485
\everyMPshowfont=\toks49
\MPscratchCnt=\count486
\MPscratchDim=\dimen308
\MPnumerator=\count487
\makeMPintoPDFobject=\count488
\everyMPtoPDFconversion=\toks50
) (C:\Users\A547484\AppData\Local\Programs\MiKTeX\tex/latex/epstopdf-pkg\epstopdf-base.sty
Package: epstopdf-base 2020-01-24 v2.11 Base part for package epstopdf
Package epstopdf-base Info: Redefining graphics rule for `.eps' on input line 485.
 (C:\Users\A547484\AppData\Local\Programs\MiKTeX\tex/latex/00miktex\epstopdf-sys.cfg
File: epstopdf-sys.cfg 2021/03/18 v2.0 Configuration of epstopdf for MiKTeX
))
\openout2 = `Title.aux'.

 (Title.tex
LaTeX Font Info:    Trying to load font information for T1+phv on input line 64.
 (C:\Users\A547484\AppData\Local\Programs\MiKTeX\tex/latex/psnfss\t1phv.fd
File: t1phv.fd 2020/03/25 scalable font definitions for T1/phv.
)
Overfull \hbox (1.11417pt too wide) in paragraph at lines 65--67
[]\T1/phv/b/n/24.88 Design and Im-ple-men-ta-tion of
 []

<SUloggaeng.png, id=6, 426.8748pt x 407.6028pt>
File: SUloggaeng.png Graphic file (type png)
<use SUloggaeng.png>
Package pdftex.def Info: SUloggaeng.png  used on input line 89.
(pdftex.def)             Requested size: 111.34006pt x 106.31007pt.

Overfull \hbox (7.88568pt too wide) in paragraph at lines 77--92
[]$[]$  $[]$ 
 []

[1



{C:/Users/A547484/AppData/Local/MiKTeX/fonts/map/pdftex/pdftex.map}{C:/Users/A547484/AppData/Local/Programs/MiKTeX/fonts/enc/dvips/base/8r.enc} <./SUloggaeng.png>]) [2]
\openout2 = `Abstract.aux'.

 (Abstract.tex
Overfull \hbox (3.54297pt too wide) in paragraph at lines 21--22
\T1/put/m/n/10.95 ity chal-lenges in Volvo CE's To-tal Mar-ket Cal-cu-la-tion (TMC) work-flow, which
 []


Overfull \hbox (32.00279pt too wide) in paragraph at lines 25--26
\T1/put/m/n/10.95 mented as a web-based frontend-backend pro-to-type us-ing Re-act, Python/FastAPI
 []


Overfull \hbox (9.9991pt too wide) in paragraph at lines 29--30
[] []\T1/phv/b/n/10.95 Dis-cus-sion[] \T1/put/m/n/10.95 The arte-fact shows that se-lected SAP-embedded work-flow logic
 []

[3




]

Package hyperref Warning: Suppressing empty link on input line 32.


Overfull \hbox (6.53056pt too wide) in paragraph at lines 32--33
\T1/put/m/n/10.95 Trans-parency, Web-Based Data Pro-cess-ing Sys-tem, Con-struc-tion Equip-ment
 []

) [4]
\openout2 = `Acknowledgements.aux'.

 (Acknowledgements.tex
Overfull \hbox (2.37169pt too wide) in paragraph at lines 9--10
\T1/put/m/n/10.95 con-struc-tive dis-cus-sions, and pos-i-tive feed-back greatly en-cour-aged me dur-
 []


Overfull \hbox (26.71074pt too wide) in paragraph at lines 13--14
\T1/put/m/n/10.95 den for their con-tin-u-ous sup-port, com-pan-ion-ship, and en-cour-age-ment through-
 []

) [5




]
\openout2 = `Abbreviations.aux'.

 (Abbreviations.tex [6




]
Overfull \hbox (23.99998pt too wide) in alignment at lines 6--32
 [] [] 
 []

Abbreviations.tex:32: ignored error: Infinite glue shrinkage found in box being split [7]) [8]
No file Thesis.lof.
\tf@lof=\write6
\openout6 = `Thesis.lof'.

[9



] [10

]
No file Thesis.lot.
\tf@lot=\write7
\openout7 = `Thesis.lot'.

[11] [12

]
No file Thesis.toc.
\tf@toc=\write8
\openout8 = `Thesis.toc'.

[13] [14

]
\openout2 = `Chapters/Introduction.aux'.

 (Chapters/Introduction.tex
 1.

LaTeX Warning: Citation 'putrama2024heterogeneous' on page 1 undefined on input line 53.


LaTeX Warning: Citation 'cheng2024harmonization' on page 1 undefined on input line 53.


LaTeX Warning: Citation 'gessa2023erp' on page 1 undefined on input line 53.


LaTeX Warning: Citation 'sap_erp_guide' on page 1 undefined on input line 53.


LaTeX Warning: Citation 'acev2025datagovernance' on page 1 undefined on input line 53.


LaTeX Warning: Citation 'foidl2024pipeline' on page 1 undefined on input line 53.


LaTeX Warning: Citation 'ori2024misalignment' on page 1 undefined on input line 53.


Overfull \hbox (4.1695pt too wide) in paragraph at lines 53--54
\T1/put/m/n/10.95 anal-y-sis and strate-gic decision-making [[]]. Due
 []


Overfull \hbox (12.30284pt too wide) in paragraph at lines 53--54
\T1/put/m/n/10.95 port-ing, and de-ci-sion sup-port across or-ga-ni-za-tional func-tions [[],
 []


Overfull \hbox (85.58144pt too wide) in paragraph at lines 53--54
\T1/put/m/n/10.95 iden-tify po-ten-tial in-con-sis-ten-cies in the data pro-cess-ing pipeline [[],
 []


Overfull \hbox (73.38113pt too wide) in paragraph at lines 53--54
\T1/put/m/n/10.95 ers, lim-it-ing the abil-ity to adapt or re-fine busi-ness rules ef-fi-ciently [[]]. 
 []

[1


]

LaTeX Warning: Citation 'cece2025' on page 2 undefined on input line 55.


LaTeX Warning: Citation 'mordor2024construction' on page 2 undefined on input line 55.


LaTeX Warning: Citation 'moller2024industrial' on page 2 undefined on input line 55.

[2]

LaTeX Warning: Citation 'wong2016sap' on page 3 undefined on input line 70.


Overfull \hbox (8.98509pt too wide) in paragraph at lines 70--71
\T1/put/m/n/10.95 this setup sup-ports the re-quired cal-cu-la-tions, the busi-ness logic is dis-tributed
 []


Overfull \hbox (6.50179pt too wide) in paragraph at lines 70--71
\T1/put/m/n/10.95 across mul-ti-ple system-specific struc-tures that are dif-fi-cult for non-technical
 []


Overfull \hbox (3.53532pt too wide) in paragraph at lines 74--75
\T1/put/m/n/10.95 This the-sis ad-dresses this need by de-sign-ing and im-ple-ment-ing a web-based
 []

[3]
Underfull \hbox (badness 10000) in paragraph at lines 117--118

 []


Overfull \hbox (9.96191pt too wide) in paragraph at lines 119--120
\T1/put/m/n/10.95 so that in-ter-me-di-ate trans-for-ma-tions and de-rived re-sults be-come in-spectable
 []


Underfull \hbox (badness 10000) in paragraph at lines 119--120

 []


Underfull \hbox (badness 10000) in paragraph at lines 121--122

 []


Overfull \hbox (14.8103pt too wide) in paragraph at lines 123--124
\T1/put/m/n/10.95 in-spectable en-vi-ron-ment, while also pro-vid-ing a foun-da-tion for fu-ture broader
 []

[4]
Overfull \hbox (34.16261pt too wide) in paragraph at lines 162--163
\T1/put/m/n/10.95 dling, prepa-ra-tion, market-view deriva-tion, ad-just-ment, and se-lected split/resplit-
 []


Overfull \hbox (3.33473pt too wide) in paragraph at lines 162--163
\T1/put/m/n/10.95 related pro-cess-ing. These stages in-clude source data in-te-gra-tion, rule-based
 []


Overfull \hbox (18.74797pt too wide) in paragraph at lines 162--163
\T1/put/m/n/10.95 map-ping, in-ter-me-di-ate data trans-for-ma-tion, ad-just-ment logic, and in-spectable
 []


Overfull \hbox (4.35576pt too wide) in paragraph at lines 166--167
\T1/put/m/n/10.95 pro-to-type that demon-strates how se-lected TMC work-flow logic can be trans-
 []


Overfull \hbox (0.5298pt too wide) in paragraph at lines 177--178
\T1/put/m/n/10.95 TMC work-flow, and key con-cepts re-lated to data pro-cess-ing, map-ping rules,
 []


Overfull \hbox (1.32297pt too wide) in paragraph at lines 177--178
\T1/put/m/n/10.95 ments chap-ter de-fines the prac-ti-cal prob-lem and presents the re-quire-ments
 []

[5]) [6]
\openout2 = `"Chapters/Extended Background.aux"'.

 (Chapters/Extended Background.tex
 2.

LaTeX Warning: Citation 'cece2025' on page 7 undefined on input line 27.


LaTeX Warning: Citation 'volvo2024annual' on page 7 undefined on input line 27.


Overfull \hbox (3.80824pt too wide) in paragraph at lines 27--28
\T1/put/m/n/10.95 The sec-tor in-cludes in-ter-na-tion-ally ac-tive man-u-fac-tur-ers such as Volvo Con-
 []


LaTeX Warning: Citation 'mordor2024construction' on page 7 undefined on input line 29.


Overfull \hbox (5.71733pt too wide) in paragraph at lines 29--30
\T1/put/m/n/10.95 such as ex-ca-va-tion, load-ing, trans-porta-tion, and sur-face prepa-ra-tion. Within
 []


Overfull \hbox (21.87291pt too wide) in paragraph at lines 29--30
\T1/put/m/n/10.95 ap-pli-ca-tion sce-nar-ios, and cus-tomer re-quire-ments [[]]. 
 []


LaTeX Warning: Citation 'cece2025' on page 7 undefined on input line 31.


LaTeX Warning: Citation 'offhighway2024sample' on page 7 undefined on input line 31.


LaTeX Warning: Citation 'offhighway2024sample' on page 7 undefined on input line 31.


LaTeX Warning: Citation 'aem2020impact' on page 7 undefined on input line 31.


Overfull \hbox (6.42891pt too wide) in paragraph at lines 31--32
[]\T1/put/m/n/10.95 From an in-dus-try per-spec-tive, con-struc-tion equip-ment mar-kets are com-
 []


Overfull \hbox (0.34613pt too wide) in paragraph at lines 31--32
\T1/put/m/n/10.95 monly anal-ysed across di-men-sions such as coun-try or re-gion, ma-chine line,
 []


Overfull \hbox (60.57944pt too wide) in paragraph at lines 31--32
\T1/put/m/n/10.95 equip-ment anal-y-sis, and re-gional mar-ket statis-tics [[], []].
 []


Overfull \hbox (11.95648pt too wide) in paragraph at lines 31--32
\T1/put/m/n/10.95 man-u-fac-tur-ers, dis-trib-u-tors, deal-ers, rental com-pa-nies, and ser-vice providers.
 []

[7




]
Overfull \hbox (0.22531pt too wide) in paragraph at lines 33--34
\T1/put/m/n/10.95 man-u-fac-tur-ers. In par-tic-u-lar, it ex-am-ines how man-u-fac-tur-ers eval-u-ate their
 []


Overfull \hbox (15.32408pt too wide) in paragraph at lines 38--38
|[]\T1/phv/b/n/14.4 Market Share Es-ti-ma-tion in the Con-struc-tion Equip-
 []


LaTeX Warning: Citation 'porter1980competitive' on page 8 undefined on input line 152.


LaTeX Warning: Citation 'kotler2016marketing' on page 8 undefined on input line 152.


Overfull \hbox (9.9923pt too wide) in paragraph at lines 152--153
\T1/put/m/n/10.95 ment in-dus-try, man-u-fac-tur-ers must con-tin-u-ously eval-u-ate their per-for-mance
 []


Overfull \hbox (43.29082pt too wide) in paragraph at lines 152--153
\T1/put/m/n/10.95 port-ing strate-gic decision-making [[], []]. 
 []


LaTeX Warning: Citation 'offhighway2018method' on page 8 undefined on input line 156.


LaTeX Warning: Citation 'mordor2024construction' on page 8 undefined on input line 156.


Overfull \hbox (17.12056pt too wide) in paragraph at lines 156--157
\T1/put/m/n/10.95 change data, and ex-ter-nal third-party datasets. In-dus-try in-tel-li-gence providers,
 []


Overfull \hbox (62.25668pt too wide) in paragraph at lines 156--157
\T1/put/m/n/10.95 ers, and re-gional sources to con-struct market-level es-ti-mates [[]].
 []

LaTeX Font Info:    Trying to load font information for TS1+put on input line 161.
(C:\Users\A547484\AppData\Local\Programs\MiKTeX\tex/latex/psnfss\ts1put.fd
File: ts1put.fd 2001/06/04 font definitions for TS1/put.
) [8]
Overfull \hbox (8.32547pt too wide) in paragraph at lines 168--169
[]\T1/put/m/n/10.95 These chal-lenges mo-ti-vate the need for struc-tured data pro-cess-ing frame-
 []


LaTeX Warning: Citation 'klaus2000' on page 9 undefined on input line 430.


LaTeX Warning: Citation 'monk2012erp' on page 9 undefined on input line 430.


LaTeX Warning: Citation 'sap_erp_guide' on page 9 undefined on input line 430.


Overfull \hbox (9.68582pt too wide) in paragraph at lines 430--431
\T1/put/m/n/10.95 ness di-men-sions, it is typ-i-cally im-ple-mented within en-ter-prise sys-tems rather
 []


Overfull \hbox (14.01355pt too wide) in paragraph at lines 430--431
\T1/put/m/n/10.95 vi-ron-ment for both data in-te-gra-tion and an-a-lyt-i-cal pro-cess-ing [[],
 []


LaTeX Warning: Citation 'sap_bw_guide' on page 9 undefined on input line 477.


Overfull \hbox (11.6372pt too wide) in paragraph at lines 477--478
\T1/put/m/n/10.95 for-ma-tion [[]]. This sep-a-ra-tion en-ables com-plex an-a-lyt-i-cal work-
 []


Overfull \hbox (0.18701pt too wide) in paragraph at lines 479--480
[]\T1/put/m/n/10.95 From a tech-ni-cal per-spec-tive, SAP pro-vides sev-eral core ca-pa-bil-i-ties that
 []


LaTeX Warning: Citation 'sap_enhanced_star_schema' on page 9 undefined on input line 482.

[9]

LaTeX Warning: Citation 'sap_bw_ip_overview' on page 10 undefined on input line 486.


LaTeX Warning: Citation 'sap_planning_sequences' on page 10 undefined on input line 486.


Overfull \hbox (5.1221pt too wide) in paragraph at lines 486--487
[]\T1/put/b/n/10.95 Execution of cal-cu-la-tion logic: \T1/put/m/n/10.95 Busi-ness logic is im-ple-mented through
 []


Overfull \hbox (22.63968pt too wide) in paragraph at lines 486--487
\T1/put/m/n/10.95 and dis-tri-bu-tion [[], []]. These
 []


LaTeX Warning: Citation 'sap_analysis_office_guide' on page 10 undefined on input line 488.


Overfull \hbox (3.61966pt too wide) in paragraph at lines 488--489
\T1/put/m/n/10.95 trol, and trig-ger-ing cal-cu-la-tion pro-cesses [[]]. 
 []


Overfull \hbox (5.71106pt too wide) in paragraph at lines 532--533
[]\T1/put/b/n/10.95 Master data main-te-nance: \T1/put/m/n/10.95 Be-fore cal-cu-la-tion be-gins, sup-port-ing mas-
 []

[10]
Overfull \hbox (16.39879pt too wide) in paragraph at lines 538--539
\T1/put/m/n/10.95 ing sys-tems, rep-re-sent-ing transaction-level mar-ket data con-tributed
 []


Overfull \hbox (8.50534pt too wide) in paragraph at lines 552--553
[]\T1/put/b/n/10.95 Transformation and re-dis-tri-bu-tion: \T1/put/m/n/10.95 Sub-se-quent steps ap-ply rule-
 []

[11]
Overfull \hbox (4.23497pt too wide) in paragraph at lines 559--560
[]\T1/put/b/n/10.95 Validation and re-port-ing: \T1/put/m/n/10.95 Af-ter the staged cal-cu-la-tions are com-pleted,
 []

<tmc.png, id=143, 703.87968pt x 502.12593pt>
File: tmc.png Graphic file (type png)
<use tmc.png>
Package pdftex.def Info: tmc.png  used on input line 565.
(pdftex.def)             Requested size: 329.61647pt x 235.13344pt.

LaTeX Warning: Citation 'klaus2000' on page 12 undefined on input line 608.


Overfull \hbox (11.25256pt too wide) in paragraph at lines 608--609
\T1/put/m/n/10.95 and ABAP-based pro-cess-ing, which re-quire spe-cial-ized tech-ni-cal knowl-
 []

[12 <./tmc.png>]

LaTeX Warning: Citation 'march2007dss' on page 13 undefined on input line 637.


LaTeX Warning: Citation 'vassiliadis2009etl' on page 13 undefined on input line 637.


LaTeX Warning: Citation 'souibgui2019etl' on page 13 undefined on input line 637.


Overfull \hbox (2.11697pt too wide) in paragraph at lines 637--638
[]\T1/put/m/n/10.95 One im-por-tant di-rec-tion is the use of data ware-houses and ETL-oriented
 []


Overfull \hbox (20.157pt too wide) in paragraph at lines 637--638
\T1/put/m/n/10.95 work-flows. March and Hevner de-scribe data ware-hous-ing as a lay-ered decision-
 []


Overfull \hbox (54.41858pt too wide) in paragraph at lines 637--638
\T1/put/m/n/10.95 multi-source an-a-lyt-i-cal pro-cess-ing more ex-plicit and man-age-able [[]].
 []


Overfull \hbox (16.0162pt too wide) in paragraph at lines 637--638
\T1/put/m/n/10.95 Souibgui et al. fur-ther high-light that en-sur-ing data qual-ity across ETL pipelines
 []


Overfull \hbox (19.74034pt too wide) in paragraph at lines 637--638
\T1/put/m/n/10.95 stage can prop-a-gate silently through sub-se-quent pro-cess-ing [[]].
 []

[13]

LaTeX Warning: Citation 'calisir2004erp' on page 14 undefined on input line 640.


LaTeX Warning: Citation 'wong2016sap' on page 14 undefined on input line 640.


LaTeX Warning: Citation 'balaha2025integration' on page 14 undefined on input line 640.


LaTeX Warning: Citation 'fan2004webdw' on page 14 undefined on input line 644.


LaTeX Warning: Citation 'fan2006equipmentdw' on page 14 undefined on input line 644.


Overfull \hbox (2.38493pt too wide) in paragraph at lines 644--645
\T1/put/m/n/10.95 an-a-lyt-ics can ben-e-fit from sep-a-rat-ing an-a-lyt-i-cal work-loads from op-er-a-tional
 []

) [14]
\openout2 = `Chapters/Method.aux'.

 (Chapters/Method.tex
 3.

LaTeX Warning: Citation 'johannesson2021' on page 15 undefined on input line 63.


Overfull \hbox (33.00089pt too wide) in paragraph at lines 63--64
\T1/put/m/n/10.95 ad-dresses a prac-ti-cal prob-lem in a real or-gan-i-sa-tional con-text [[]].
 []


LaTeX Warning: Citation 'johannesson2021' on page 15 undefined on input line 67.

[15




]

LaTeX Warning: Citation 'yin2018' on page 16 undefined on input line 77.


Overfull \hbox (3.95032pt too wide) in paragraph at lines 77--78
\T1/put/m/n/10.95 a con-tem-po-rary phe-nomenon within its real-world con-text [[]]. How-
 []


LaTeX Warning: Citation 'susman1978' on page 16 undefined on input line 79.


Overfull \hbox (9.09644pt too wide) in paragraph at lines 79--80
\T1/put/m/n/10.95 with prac-ti-tion-ers and in-ter-ven-tion in or-gan-i-sa-tional prac-tice [[]].
 []


LaTeX Warning: Citation 'bowen2009document' on page 16 undefined on input line 114.


LaTeX Warning: Citation 'kallio2016systematic' on page 16 undefined on input line 114.


Overfull \hbox (24.54692pt too wide) in paragraph at lines 114--115
\T1/put/m/n/10.95 fully vis-i-ble from doc-u-men-ta-tion alone. These dis-cus-sions were semi-structured
 []


Overfull \hbox (78.05714pt too wide) in paragraph at lines 114--115
\T1/put/m/n/10.95 in na-ture, which al-lowed fo-cused but flex-i-ble knowl-edge elic-i-ta-tion [[]]. 
 []


LaTeX Warning: Citation 'runeson2009guidelines' on page 16 undefined on input line 116.


Overfull \hbox (76.55832pt too wide) in paragraph at lines 116--117
\T1/put/m/n/10.95 suit-able in software-oriented re-search in or-gan-i-sa-tional set-tings [[]]. 
 []

[16]

LaTeX Warning: Citation 'johannesson2021' on page 17 undefined on input line 157.


LaTeX Warning: Citation 'hevner2004design' on page 17 undefined on input line 157.


Overfull \hbox (52.90756pt too wide) in paragraph at lines 157--158
\T1/put/m/n/10.95 prob-lem un-der-stand-ing and arte-fact de-vel-op-ment and eval-u-a-tion [[],
 []


LaTeX Warning: Citation 'johannesson2021' on page 17 undefined on input line 159.


Overfull \hbox (8.66255pt too wide) in paragraph at lines 159--160
[]\T1/put/m/n/10.95 During prob-lem ex-pli-ca-tion and re-quire-ments def-i-ni-tion, Volvo CE's TMC
 []


LaTeX Warning: Citation 'hevner2004design' on page 17 undefined on input line 163.


Overfull \hbox (34.41237pt too wide) in paragraph at lines 163--164
\T1/put/m/n/10.95 arte-fact ful-filled its in-tended pur-pose in the Volvo CE con-text [[]]. 
 []

[17] [18]
Overfull \hbox (2.79555pt too wide) in paragraph at lines 468--469
[]\T1/put/m/n/10.95 The col-lected ma-te-rial was anal-ysed through re-quire-ments anal-y-sis. The
 []


Overfull \hbox (2.96461pt too wide) in paragraph at lines 468--469
\T1/put/m/n/10.95 re-quire-ments were grouped into func-tional and per-for-mance re-quire-ments.
 []


Overfull \hbox (13.61653pt too wide) in paragraph at lines 468--469
\T1/put/m/n/10.95 i-da-tion sup-port, and ex-port. Per-for-mance re-quire-ments ad-dressed prototype-
 []


Overfull \hbox (5.47856pt too wide) in paragraph at lines 468--469
\T1/put/m/n/10.95 level ex-e-cu-tion time, sta-bil-ity, and re-li-a-bil-ity dur-ing demon-stra-tion and eval-
 []


LaTeX Warning: Citation 'johannesson2021' on page 19 undefined on input line 528.


Overfull \hbox (9.69688pt too wide) in paragraph at lines 530--531
\T1/put/m/n/10.95 SAP-related work-flow de-scrip-tions, and gen-er-ated in-ter-me-di-ate out-puts were
 []


Overfull \hbox (2.94003pt too wide) in paragraph at lines 532--533
\T1/put/m/n/10.95 rule in-ter-pre-ta-tion, and it-er-a-tive out-put in-spec-tion. This anal-y-sis sup-ported
 []

[19]
Overfull \hbox (5.02441pt too wide) in paragraph at lines 534--535
\T1/put/m/n/10.95 sign ideas fo-cused on mak-ing the work-flow more in-spectable through staged
 []


LaTeX Warning: Citation 'johannesson2021' on page 20 undefined on input line 582.


Overfull \hbox (0.3912pt too wide) in paragraph at lines 582--583
\T1/put/m/n/10.95 The fourth DSR ac-tiv-ity was to demon-strate the arte-fact. This ac-tiv-ity shows
 []


Overfull \hbox (0.37843pt too wide) in paragraph at lines 586--587
\T1/put/m/n/10.95 sults through the pro-to-type in-ter-face. In this way, the ac-tiv-ity demon-strated
 []

[20]

LaTeX Warning: Citation 'johannesson2021' on page 21 undefined on input line 622.


Overfull \hbox (27.64603pt too wide) in paragraph at lines 622--623
\T1/put/m/n/10.95 fied the re-quire-ments de-fined ear-lier in the re-search pro-cess [[]].
 []


Overfull \hbox (1.3175pt too wide) in paragraph at lines 624--625
\T1/put/m/n/10.95 view deriva-tion, ad-just-ment, and se-lected ma-chine line split/resplit-related
 []


Overfull \hbox (11.47914pt too wide) in paragraph at lines 626--627
[]\T1/put/m/n/10.95 The gen-er-ated out-puts were in-spected to as-sess whether the im-ple-mented
 []


Overfull \hbox (9.55473pt too wide) in paragraph at lines 626--627
\T1/put/m/n/10.95 pected work-flow logic. Where com-pa-ra-ble, se-lected re-sults were also checked
 []


Overfull \hbox (8.98003pt too wide) in paragraph at lines 628--629
\T1/put/m/n/10.95 arte-fact sup-ported trans-parency, trace-abil-ity, us-abil-ity, and val-i-da-tion. Stake-
 []


LaTeX Warning: Citation 'su_ethics_policy' on page 21 undefined on input line 644.


Overfull \hbox (1.18016pt too wide) in paragraph at lines 644--645
\T1/put/m/n/10.95 This study was con-ducted in col-lab-o-ra-tion with Volvo CE and re-quired care-
 []

[21]

LaTeX Warning: Citation 'etikprovningsmyndigheten_act' on page 22 undefined on input line 646.


Overfull \hbox (12.0487pt too wide) in paragraph at lines 646--647
\T1/put/m/n/10.95 re-view, pro-to-type de-vel-op-ment, and in-for-mal dis-cus-sions with rel-e-vant stake-
 []


LaTeX Warning: Citation 'vr_good_research_2024' on page 22 undefined on input line 648.


Overfull \hbox (1.24086pt too wide) in paragraph at lines 648--649
[]\T1/put/m/n/10.95 The pur-pose of these in-ter-ac-tions was solely to un-der-stand cur-rent work
 []


Overfull \hbox (84.7171pt too wide) in paragraph at lines 648--649
\T1/put/m/n/10.95 col-lected ma-te-rial to what was nec-es-sary for the re-search pur-pose [[]]. 
 []


LaTeX Warning: Citation 'su_ethics_policy' on page 22 undefined on input line 650.


Overfull \hbox (7.21935pt too wide) in paragraph at lines 650--651
[]\T1/put/m/n/10.95 Special con-sid-er-a-tion was also given to the han-dling of company-internal
 []


Overfull \hbox (6.12979pt too wide) in paragraph at lines 650--651
\T1/put/m/n/10.95 trolled set-ting and was not used as a pro-duc-tion re-place-ment. Where screen-
 []


Overfull \hbox (1.67096pt too wide) in paragraph at lines 650--651
\T1/put/m/n/10.95 nal sys-tems were in-cluded for ex-plana-tory pur-poses, they were anonymized
 []


Overfull \hbox (39.61392pt too wide) in paragraph at lines 650--651
\T1/put/m/n/10.95 ments for con-fi-den-tial-ity and re-spon-si-ble in-for-ma-tion han-dling [[]]. 
 []


LaTeX Warning: Citation 'vr_good_research_2024' on page 22 undefined on input line 652.

) [22]
\openout2 = `"Chapters/Problem and Requirements.aux"'.

 (Chapters/Problem and Requirements.tex
 4.

Overfull \hbox (1.98685pt too wide) in paragraph at lines 10--11
\T1/put/m/n/10.95 staged work-flow steps such as source data up-load, prepa-ra-tion, ad-just-ment,
 []


Overfull \hbox (7.07733pt too wide) in paragraph at lines 16--17
\T1/put/m/n/10.95 specific logic, ex-port-ing in-ter-me-di-ate re-sults, and ap-ply-ing rule ad-just-ments. 
 []

[23




]
Overfull \hbox (2.59334pt too wide) in paragraph at lines 22--23
[]\T1/put/m/n/10.95 Multiple source datasets and matrix-based rules are dis-tributed across
 []

[24]) [25] [26]
\openout2 = `"Chapters/The Artefact.aux"'.

 (Chapters/The Artefact.tex
 5.
[27




]
<5.1.png, id=235, 1541.76pt x 1027.84pt>
File: 5.1.png Graphic file (type png)
<use 5.1.png>
Package pdftex.def Info: 5.1.png  used on input line 92.
(pdftex.def)             Requested size: 366.24301pt x 244.16159pt.
 [28 <./5.1.png (PNG copy)>]
Overfull \hbox (0.24408pt too wide) in paragraph at lines 245--246
\T1/put/m/n/10.95 meta-data such as file name, up-load time, sta-tus, and row count. This makes
 []

<5.2.1.png, id=243, 1633.10126pt x 970.62625pt>
File: 5.2.1.png Graphic file (type png)
<use 5.2.1.png>
Package pdftex.def Info: 5.2.1.png  used on input line 250.
(pdftex.def)             Requested size: 439.4905pt x 261.19876pt.

Overfull \hbox (73.24748pt too wide) in paragraph at lines 250--251
 [][] 
 []

[29]
Overfull \hbox (15.49231pt too wide) in paragraph at lines 262--264
\T1/put/m/n/10.95 The back-end val-i-dates file struc-ture and per-forms dataset-specific clean-
 []

[30 <./5.2.1.png (PNG copy)>]
Overfull \hbox (5.67007pt too wide) in paragraph at lines 274--276
\T1/put/m/n/10.95 data into a struc-ture that al-lows in-spec-tion of both source-level records
 []


Overfull \hbox (8.16595pt too wide) in paragraph at lines 280--282
[]\T1/put/b/n/10.95 Final out-puts and pre-sen-ta-tion. \T1/put/m/n/10.95 The arte-fact pro-duces mul-ti-ple staged
 []


Overfull \hbox (7.39929pt too wide) in paragraph at lines 326--327
\T1/put/m/n/10.95 A cen-tral func-tion of the arte-fact is to sup-port struc-tured up-load of workflow-
 []


Overfull \hbox (0.28181pt too wide) in paragraph at lines 326--327
\T1/put/m/n/10.95 related CSV files through the web in-ter-face. The up-load and input-handling
 []

[31]
Overfull \hbox (2.48935pt too wide) in paragraph at lines 344--345
[]\T1/put/m/n/10.95 The up-loaded data is then re-flected in the arte-fact through up-load views,
 []


Overfull \hbox (3.30533pt too wide) in paragraph at lines 428--430
\T1/put/m/n/10.95 na-tion are then ag-gre-gated through SQL-backed pro-cess-ing and trans-
 []


Overfull \hbox (0.43503pt too wide) in paragraph at lines 431--433
[]\T1/put/b/n/10.95 CRP/TMA/SAL-oriented prepa-ra-tion. \T1/put/m/n/10.95 TMA and sales-related records
 []


Overfull \hbox (20.8853pt too wide) in paragraph at lines 431--433
\T1/put/m/n/10.95 coun-try map-ping, ar-ti-fi-cial machine-line map-ping, source-matrix-related
 []

[32]
Overfull \hbox (5.86644pt too wide) in paragraph at lines 434--436
[]\T1/put/b/n/10.95 Assignment of work-flow con-trol logic. \T1/put/m/n/10.95 A cen-tral func-tion of the prepa-
 []


Overfull \hbox (0.52101pt too wide) in paragraph at lines 434--436
\T1/put/m/n/10.95 cur-rent im-ple-men-ta-tion, this in-cludes preparation-related fields such
 []


Overfull \hbox (7.80211pt too wide) in paragraph at lines 474--475
\T1/put/m/n/10.95 After prepa-ra-tion, the arte-fact con-tin-ues with adjustment-oriented and split-
 []

[33]
Overfull \hbox (19.42331pt too wide) in paragraph at lines 517--518
\T1/put/m/n/10.95 backend-generated out-puts and up-loaded in-puts are shown through workflow-
 []

[34]
Overfull \hbox (0.9674pt too wide) in paragraph at lines 521--522
\T1/put/m/n/10.95 com-bines work-flow overview, row-level in-spec-tion, ed-itable up-loaded data,
 []


Overfull \hbox (0.76387pt too wide) in paragraph at lines 745--746
\T1/put/m/n/10.95 of the ex-e-cu-tion chain sep-a-rately be-fore in-te-grat-ing them into the full work-
 []

<5.3.1.png, id=278, 925.20656pt x 544.28343pt>
File: 5.3.1.png Graphic file (type png)
<use 5.3.1.png>
Package pdftex.def Info: 5.3.1.png  used on input line 751.
(pdftex.def)             Requested size: 402.86954pt x 237.00223pt.

Overfull \hbox (36.62653pt too wide) in paragraph at lines 751--752
 [][] 
 []

[35]
Overfull \hbox (26.84079pt too wide) in paragraph at lines 760--761
\T1/put/m/n/10.95 and con-trol ta-bles, such as country-group map-pings, brand map-pings, machine-
 []

[36 <./5.3.1.png>]
<5.4.png, id=292, 713.66624pt x 458.46281pt>
File: 5.4.png Graphic file (type png)
<use 5.4.png>
Package pdftex.def Info: 5.4.png  used on input line 764.
(pdftex.def)             Requested size: 402.86954pt x 258.8081pt.

Overfull \hbox (36.62653pt too wide) in paragraph at lines 764--765
 [][] 
 []

<5.4.1.png, id=293, 887.56593pt x 463.7325pt>
File: 5.4.1.png Graphic file (type png)
<use 5.4.1.png>
Package pdftex.def Info: 5.4.1.png  used on input line 771.
(pdftex.def)             Requested size: 402.86954pt x 210.48914pt.

Overfull \hbox (36.62653pt too wide) in paragraph at lines 771--772
 [][] 
 []

[37 <./5.4.png>]
Overfull \hbox (11.85101pt too wide) in paragraph at lines 776--777
[]\T1/put/m/n/10.95 The prepa-ra-tion stage fol-lows the gen-eral ex-e-cu-tion pat-tern used through-
 []


Overfull \hbox (0.85992pt too wide) in paragraph at lines 776--777
\T1/put/m/n/10.95 which re-solves the lat-est suc-cess-ful up-loads, ex-e-cutes SQL trans-for-ma-tions,
 []

<5.6.1.1.png, id=300, 907.89188pt x 499.11469pt>
File: 5.6.1.1.png Graphic file (type png)
<use 5.6.1.1.png>
Package pdftex.def Info: 5.6.1.1.png  used on input line 782.
(pdftex.def)             Requested size: 402.86954pt x 221.47702pt.

Overfull \hbox (36.62653pt too wide) in paragraph at lines 782--783
 [][] 
 []

[38 <./5.4.1.png>]
<5.6.1.1.1.png, id=307, 645.16031pt x 672.26157pt>
File: 5.6.1.1.1.png Graphic file (type png)
<use 5.6.1.1.1.png>
Package pdftex.def Info: 5.6.1.1.1.png  used on input line 791.
(pdftex.def)             Requested size: 402.86954pt x 419.79315pt.

Overfull \hbox (36.62653pt too wide) in paragraph at lines 791--792
 [][] 
 []

[39 <./5.6.1.1.png>] [40 <./5.6.1.1.1.png>]
Overfull \hbox (2.85902pt too wide) in paragraph at lines 809--812
[]\T1/put/m/n/10.95 where $\OML/cmm/m/it/10.95 FID[]$ \T1/put/m/n/10.95 is the orig-i-nal OTH value to be re-dis-tributed, $\OML/cmm/m/it/10.95 TM[]$
 []


Overfull \hbox (31.22394pt too wide) in paragraph at lines 809--812
\T1/put/m/n/10.95 is the ref-er-ence non-VCE value for tar-get des-ti-na-tion $\OML/cmm/m/it/10.95 i$\T1/put/m/n/10.95 , and $[][] \OML/cmm/m/it/10.95 TM[]$
 []


Overfull \hbox (1.38591pt too wide) in paragraph at lines 814--815
\T1/put/m/n/10.95 ra-tios, and before-after dif-fer-ence val-ues. These out-puts can ei-ther be saved
 []

<5.6.1.2.png, id=320, 816.80156pt x 572.89032pt>
File: 5.6.1.2.png Graphic file (type png)
<use 5.6.1.2.png>
Package pdftex.def Info: 5.6.1.2.png  used on input line 820.
(pdftex.def)             Requested size: 402.86954pt x 282.57193pt.

Overfull \hbox (36.62653pt too wide) in paragraph at lines 820--821
 [][] 
 []

[41]
<5.6.1.3.png, id=330, 1004.25188pt x 556.32843pt>
File: 5.6.1.3.png Graphic file (type png)
<use 5.6.1.3.png>
Package pdftex.def Info: 5.6.1.3.png  used on input line 827.
(pdftex.def)             Requested size: 402.86954pt x 223.18108pt.

Overfull \hbox (36.62653pt too wide) in paragraph at lines 827--828
 [][] 
 []

<5.10.png, id=331, 657.2053pt x 505.13719pt>
File: 5.10.png Graphic file (type png)
<use 5.10.png>
Package pdftex.def Info: 5.10.png  used on input line 834.
(pdftex.def)             Requested size: 311.30879pt x 239.27979pt.

Underfull \hbox (badness 1226) in paragraph at lines 835--835
[]\T1/put/m/n/10.95 Figure 5.10: []Anonymised SQL and backend-processing frag-ments for
 []

[42 <./5.6.1.2.png> <./5.6.1.3.png>]) [43 <./5.10.png>]
\openout2 = `Chapters/Evaluation.aux'.

 (Chapters/Evaluation.tex [44




]
 6.

Overfull \hbox (28.4245pt too wide) in paragraph at lines 900--901
\T1/put/m/n/10.95 scope and did not aim to re-place the SAP-based work-flow or con-duct production-
 []

[45]

LaTeX Warning: Reference `tab:execution_outputs' on page 46 undefined on input line 908.

Chapters/Evaluation.tex:917: Misplaced \noalign.
\hline ->\noalign 
                  {\ifnum 0=`}\fi \penalty \@M \futurelet \@let@token \LT@@h...
l.917 \hline
            
I expect to see \noalign only after the \cr of
an alignment. Proceed, and I'll ignore this case.

Chapters/Evaluation.tex:918: Misplaced \omit.
\multispan ->\omit 
                   \@multispan 
l.918 \textbf
             {Step} & \textbf{Execution Activity} & \textbf{Main Output Prod...
I expect to see \omit only after tab marks or the \cr of
an alignment. Proceed, and I'll ignore this case.

Chapters/Evaluation.tex:918: Extra alignment tab has been changed to \cr.
<template> \endtemplate 
                        
l.918 \textbf
             {Step} & \textbf{Execution Activity} & \textbf{Main Output Prod...
You have given more \span or & marks than there were
in the preamble to the \halign or \valign now in progress.
So I'll assume that you meant to type \cr instead.

Chapters/Evaluation.tex:919: Misplaced \noalign.
\hline ->\noalign 
                  {\ifnum 0=`}\fi \penalty \@M \futurelet \@let@token \LT@@h...
l.919 \hline
            
I expect to see \noalign only after the \cr of
an alignment. Proceed, and I'll ignore this case.

Chapters/Evaluation.tex:920: Misplaced \omit.
\multispan ->\omit 
                   \@multispan 
l.920 \endfirsthead
                   
I expect to see \omit only after tab marks or the \cr of
an alignment. Proceed, and I'll ignore this case.

Chapters/Evaluation.tex:920: Extra alignment tab has been changed to \cr.
<recently read> \endtemplate 
                             
l.920 \endfirsthead
                   
You have given more \span or & marks than there were
in the preamble to the \halign or \valign now in progress.
So I'll assume that you meant to type \cr instead.


Overfull \hbox (0.48047pt too wide) in alignment at lines 914--920
 [] [] [] 
 []

Chapters/Evaluation.tex:924: Misplaced \noalign.
\hline ->\noalign 
                  {\ifnum 0=`}\fi \penalty \@M \futurelet \@let@token \LT@@h...
l.924 \hline
            
I expect to see \noalign only after the \cr of
an alignment. Proceed, and I'll ignore this case.

Chapters/Evaluation.tex:925: Misplaced \omit.
\multispan ->\omit 
                   \@multispan 
l.925 \endhead
              
I expect to see \omit only after tab marks or the \cr of
an alignment. Proceed, and I'll ignore this case.

Chapters/Evaluation.tex:925: Extra alignment tab has been changed to \cr.
<recently read> \endtemplate 
                             
l.925 \endhead
              
You have given more \span or & marks than there were
in the preamble to the \halign or \valign now in progress.
So I'll assume that you meant to type \cr instead.


Overfull \hbox (0.48047pt too wide) in alignment at lines 920--925
 [] [] [] 
 []

Chapters/Evaluation.tex:928: Misplaced \noalign.
\hline ->\noalign 
                  {\ifnum 0=`}\fi \penalty \@M \futurelet \@let@token \LT@@h...
l.928 \hline
            
I expect to see \noalign only after the \cr of
an alignment. Proceed, and I'll ignore this case.

Chapters/Evaluation.tex:929: Misplaced \omit.
\multispan ->\omit 
                   \@multispan 
l.929 
      
I expect to see \omit only after tab marks or the \cr of
an alignment. Proceed, and I'll ignore this case.

Chapters/Evaluation.tex:929: Extra alignment tab has been changed to \cr.
<recently read> \endtemplate 
                             
l.929 
      
You have given more \span or & marks than there were
in the preamble to the \halign or \valign now in progress.
So I'll assume that you meant to type \cr instead.

Chapters/Evaluation.tex:931: Misplaced \noalign.
\hline ->\noalign 
                  {\ifnum 0=`}\fi \penalty \@M \futurelet \@let@token \LT@@h...
l.931 \hline
            
I expect to see \noalign only after the \cr of
an alignment. Proceed, and I'll ignore this case.

Chapters/Evaluation.tex:932: Misplaced \omit.
\multispan ->\omit 
                   \@multispan 
l.932 
      
I expect to see \omit only after tab marks or the \cr of
an alignment. Proceed, and I'll ignore this case.

Chapters/Evaluation.tex:932: Extra alignment tab has been changed to \cr.
<recently read> \endtemplate 
                             
l.932 
      
You have given more \span or & marks than there were
in the preamble to the \halign or \valign now in progress.
So I'll assume that you meant to type \cr instead.

Chapters/Evaluation.tex:934: Misplaced \noalign.
\hline ->\noalign 
                  {\ifnum 0=`}\fi \penalty \@M \futurelet \@let@token \LT@@h...
l.934 \hline
            
I expect to see \noalign only after the \cr of
an alignment. Proceed, and I'll ignore this case.

Chapters/Evaluation.tex:935: Misplaced \omit.
\multispan ->\omit 
                   \@multispan 
l.935 
      
I expect to see \omit only after tab marks or the \cr of
an alignment. Proceed, and I'll ignore this case.

Chapters/Evaluation.tex:935: Extra alignment tab has been changed to \cr.
<recently read> \endtemplate 
                             
l.935 
      
You have given more \span or & marks than there were
in the preamble to the \halign or \valign now in progress.
So I'll assume that you meant to type \cr instead.

Chapters/Evaluation.tex:937: Misplaced \noalign.
\hline ->\noalign 
                  {\ifnum 0=`}\fi \penalty \@M \futurelet \@let@token \LT@@h...
l.937 \hline
            
I expect to see \noalign only after the \cr of
an alignment. Proceed, and I'll ignore this case.

Chapters/Evaluation.tex:938: Misplaced \omit.
\multispan ->\omit 
                   \@multispan 
l.938 
      
I expect to see \omit only after tab marks or the \cr of
an alignment. Proceed, and I'll ignore this case.

Chapters/Evaluation.tex:938: Extra alignment tab has been changed to \cr.
<recently read> \endtemplate 
                             
l.938 
      
You have given more \span or & marks than there were
in the preamble to the \halign or \valign now in progress.
So I'll assume that you meant to type \cr instead.

Chapters/Evaluation.tex:940: Misplaced \noalign.
\hline ->\noalign 
                  {\ifnum 0=`}\fi \penalty \@M \futurelet \@let@token \LT@@h...
l.940 \hline
            
I expect to see \noalign only after the \cr of
an alignment. Proceed, and I'll ignore this case.

Chapters/Evaluation.tex:941: Misplaced \omit.
\multispan ->\omit 
                   \@multispan 
l.941 
      
I expect to see \omit only after tab marks or the \cr of
an alignment. Proceed, and I'll ignore this case.

Chapters/Evaluation.tex:941: Extra alignment tab has been changed to \cr.
<recently read> \endtemplate 
                             
l.941 
      
You have given more \span or & marks than there were
in the preamble to the \halign or \valign now in progress.
So I'll assume that you meant to type \cr instead.

Chapters/Evaluation.tex:943: Misplaced \noalign.
\hline ->\noalign 
                  {\ifnum 0=`}\fi \penalty \@M \futurelet \@let@token \LT@@h...
l.943 \hline
            
I expect to see \noalign only after the \cr of
an alignment. Proceed, and I'll ignore this case.

Chapters/Evaluation.tex:944: Misplaced \omit.
\multispan ->\omit 
                   \@multispan 
l.944 
      
I expect to see \omit only after tab marks or the \cr of
an alignment. Proceed, and I'll ignore this case.

Chapters/Evaluation.tex:944: Extra alignment tab has been changed to \cr.
<recently read> \endtemplate 
                             
l.944 
      
You have given more \span or & marks than there were
in the preamble to the \halign or \valign now in progress.
So I'll assume that you meant to type \cr instead.

Chapters/Evaluation.tex:946: Misplaced \noalign.
\hline ->\noalign 
                  {\ifnum 0=`}\fi \penalty \@M \futurelet \@let@token \LT@@h...
l.946 \hline
            
I expect to see \noalign only after the \cr of
an alignment. Proceed, and I'll ignore this case.

Chapters/Evaluation.tex:947: Misplaced \omit.
\multispan ->\omit 
                   \@multispan 
l.947 
      
I expect to see \omit only after tab marks or the \cr of
an alignment. Proceed, and I'll ignore this case.

Chapters/Evaluation.tex:947: Extra alignment tab has been changed to \cr.
<recently read> \endtemplate 
                             
l.947 
      
You have given more \span or & marks than there were
in the preamble to the \halign or \valign now in progress.
So I'll assume that you meant to type \cr instead.


Overfull \hbox (0.48047pt too wide) in alignment at lines 925--948
 [] [] [] 
 []


LaTeX Warning: Reference `sec:requirements' on page 46 undefined on input line 960.


Overfull \hbox (1.50893pt too wide) in paragraph at lines 960--961
\T1/put/m/n/10.95 The eval-u-a-tion com-bined out-put val-i-da-tion and requirement-based as-sess-
 []


Overfull \hbox (7.35583pt too wide) in paragraph at lines 960--961
\T1/put/m/n/10.95 ref-er-ence out-puts. Requirement-based as-sess-ment fo-cused on trans-parency,
 []


Overfull \hbox (1.39148pt too wide) in paragraph at lines 960--961
\T1/put/m/n/10.95 trace-abil-ity, us-abil-ity, val-i-da-tion sup-port, and prototype-level per-for-mance. 
 []

[46]
Overfull \hbox (1.16946pt too wide) in paragraph at lines 989--990
\T1/put/m/n/10.95 The gen-er-ated pro-to-type out-puts were val-i-dated against the ex-pected work-
 []

[47]
Overfull \hbox (9.61089pt too wide) in paragraph at lines 1004--1005
\T1/put/m/n/10.95 justed com-pared with the ver-sion re-flected in the SAP ref-er-ence re-sult. There-
 []


Overfull \hbox (5.79553pt too wide) in paragraph at lines 1006--1007
[]\T1/put/m/n/10.95 The preparation-stage val-i-da-tion also in-cluded the gen-er-ated VCE / Non-
 []


Overfull \hbox (1.43126pt too wide) in paragraph at lines 1006--1007
\T1/put/m/n/10.95 re-sult-ing VCE / Non-VCE ra-tio was dis-played cor-rectly. The checked records
 []

<6.1.png, id=371, 1005.7575pt x 564.60938pt>
File: 6.1.png Graphic file (type png)
<use 6.1.png>
Package pdftex.def Info: 6.1.png  used on input line 1013.
(pdftex.def)             Requested size: 402.86954pt x 226.15851pt.

Overfull \hbox (36.62653pt too wide) in paragraph at lines 1013--1014
 [][] 
 []

[48]
<6.2.png, id=376, 1011.02719pt x 551.81157pt>
File: 6.2.png Graphic file (type png)
<use 6.2.png>
Package pdftex.def Info: 6.2.png  used on input line 1020.
(pdftex.def)             Requested size: 402.86954pt x 219.88715pt.

Overfull \hbox (36.62653pt too wide) in paragraph at lines 1020--1021
 [][] 
 []


Overfull \hbox (0.1949pt too wide) in paragraph at lines 1029--1030
\T1/put/m/n/10.95 The split- and resplit-related out-puts were val-i-dated through man-ual Excel-
 []

[49 <./6.1.png> <./6.2.png>]
Overfull \hbox (14.52605pt too wide) in paragraph at lines 1033--1034
\T1/put/m/n/10.95 split out-put rows were man-u-ally spot-checked across se-lected coun-try, source,
 []


Overfull \hbox (0.11072pt too wide) in paragraph at lines 1035--1036
[]\T1/put/m/n/10.95 For re-split val-i-da-tion, ap-prox-i-mately 10% of the re-split out-put rows were
 []


Overfull \hbox (23.82478pt too wide) in paragraph at lines 1035--1036
\T1/put/m/n/10.95 man-u-ally spot-checked. The checks ex-am-ined whether in-valid brand--machine-
 []

[50]
<6.3.png, id=390, 1062.97125pt x 562.35094pt>
File: 6.3.png Graphic file (type png)
<use 6.3.png>
Package pdftex.def Info: 6.3.png  used on input line 1046.
(pdftex.def)             Requested size: 402.86954pt x 213.13782pt.

Overfull \hbox (36.62653pt too wide) in paragraph at lines 1046--1047
 [][] 
 []


LaTeX Warning: Reference `sec:requirements' on page 51 undefined on input line 1231.


Overfull \hbox (0.9502pt too wide) in paragraph at lines 1231--1232
\T1/put/m/n/10.95 The arte-fact was eval-u-ated against the func-tional and per-for-mance re-quire-
 []


Overfull \hbox (0.2775pt too wide) in paragraph at lines 1233--1234
[]\T1/put/m/n/10.95 Stakeholder feed-back was col-lected through weekly demo meet-ings and
 []


LaTeX Warning: Reference `tab:evaluation_parameters' on page 51 undefined on input line 1235.


Overfull \hbox (64.00507pt too wide) in alignment at lines 1237--1243
 [] [] [] 
 []


Overfull \hbox (64.00507pt too wide) in alignment at lines 1243--1248
 [] [] [] 
 []


Overfull \hbox (64.00507pt too wide) in alignment at lines 1248--1313
 [] [] [] 
 []

[51 <./6.3.png>]
Chapters/Evaluation.tex:1313: ignored error: Infinite glue shrinkage found in box being split [52]
Chapters/Evaluation.tex:1313: ignored error: Infinite glue shrinkage found in box being split [53]
Chapters/Evaluation.tex:1313: ignored error: Infinite glue shrinkage found in box being split [54]
Chapters/Evaluation.tex:1313: ignored error: Infinite glue shrinkage found in box being split [55]
Overfull \hbox (82.09593pt too wide) in alignment at lines 1359--1365
 [] [] [] [] 
 []


Overfull \hbox (82.09593pt too wide) in alignment at lines 1365--1370
 [] [] [] [] 
 []


Overfull \hbox (82.09593pt too wide) in alignment at lines 1370--1384
 [] [] [] [] 
 []

[56]
Chapters/Evaluation.tex:1384: ignored error: Infinite glue shrinkage found in box being split [57]
Overfull \hbox (2.24858pt too wide) in paragraph at lines 1414--1415
\T1/put/m/n/10.95 market-view deriva-tion, ad-just-ment, and se-lected split/resplit-related
 []


Overfull \hbox (5.33005pt too wide) in paragraph at lines 1416--1417
[]\T1/put/m/n/10.95 Some SAP com-par-isons were af-fected by reference-data or calculation-
 []

[58]) [59]
\openout2 = `Chapters/Discussion.aux'.

 (Chapters/Discussion.tex [60




]
 7.

Overfull \hbox (13.56744pt too wide) in paragraph at lines 18--18
\T1/phv/b/n/12 ero-ge-neous TMC work-flow in-puts, in-clud-ing source datasets
 []

[61]
Overfull \hbox (5.35678pt too wide) in paragraph at lines 52--52
\T1/phv/b/n/12 chine line split stages of the TMC work-flow be re-expressed
 []


Overfull \hbox (5.3742pt too wide) in paragraph at lines 61--62
[]\T1/put/b/n/10.95 Adjustment: \T1/put/m/n/10.95 The ad-just-ment layer rep-re-sents re-group-ing and derived-
 []


Overfull \hbox (6.16292pt too wide) in paragraph at lines 61--62
\T1/put/m/n/10.95 value gen-er-a-tion as a sep-a-rate re-view-able step. It pro-vides both source-
 []


Overfull \hbox (3.38132pt too wide) in paragraph at lines 63--64
\T1/put/m/n/10.95 by trans-form-ing grouped OTH val-ues into finer machine-line and size-
 []


Overfull \hbox (3.1398pt too wide) in paragraph at lines 65--66
\T1/put/m/n/10.95 views con-nect workflow-level mon-i-tor-ing with record-level val-i-da-tion. 
 []

[62]
Overfull \hbox (5.43245pt too wide) in paragraph at lines 87--88
[]\T1/put/m/n/10.95 In the SAP-based rep-re-sen-ta-tion, the TMC work-flow is or-gan-ised through
 []


Overfull \hbox (8.22124pt too wide) in paragraph at lines 89--90
\T1/put/m/n/10.95 through ded-i-cated web-based in-spec-tion flows. In-put han-dling is cen-tralised
 []


Overfull \hbox (5.08794pt too wide) in paragraph at lines 89--90
\T1/put/m/n/10.95 through up-load and matrix-management pages, work-flow progress is shown
 []


Overfull \hbox (11.05464pt too wide) in paragraph at lines 89--90
\T1/put/m/n/10.95 through Pipeline Viewer, and in-ter-me-di-ate re-sults are made avail-able through
 []


Overfull \hbox (10.38449pt too wide) in paragraph at lines 89--90
\T1/put/m/n/10.95 Layer De-tail pages with row-level out-puts, sum-maries, and rule-related fields.
 []


Overfull \hbox (1.32915pt too wide) in paragraph at lines 89--90
\T1/put/m/n/10.95 This makes prepa-ra-tion, ad-just-ment, and split-related trans-for-ma-tions eas-
 []


Overfull \hbox (1.77791pt too wide) in paragraph at lines 91--92
[]\T1/put/m/n/10.95 The im-prove-ment was as-sessed through demon-stra-tion with 2024 work-
 []

[63] [64]
Overfull \hbox (10.44742pt too wide) in paragraph at lines 270--271
[]\T1/put/m/n/10.95 Visual Stu-dio Code served as the main de-vel-op-ment en-vi-ron-ment, draw.io
 []


Overfull \hbox (31.3451pt too wide) in paragraph at lines 280--281
\T1/put/m/n/10.95 Re-state-ment, and fi-nal Re-port-ing were not im-ple-mented as com-plete production-
 []

[65]

LaTeX Warning: Citation 'goddard2012automation' on page 66 undefined on input line 295.


Overfull \hbox (3.56273pt too wide) in paragraph at lines 295--296
\T1/put/m/n/10.95 map-pings, and im-ple-mented rules. There-fore, the arte-fact should be treated
 []


LaTeX Warning: Citation 'martin2019ethics' on page 66 undefined on input line 297.


Overfull \hbox (2.3517pt too wide) in paragraph at lines 304--305
\T1/put/m/n/10.95 lected work-flow logic eas-ier to ad-just with-out re-quir-ing di-rect code changes. 
 []

[66]
Overfull \hbox (4.2524pt too wide) in paragraph at lines 306--307
\T1/put/m/n/10.95 cur-rent fron-tend sup-ports fil-ter-ing, dy-namic sum-maries, chart-based views,
 []


Overfull \hbox (0.25368pt too wide) in paragraph at lines 308--309
\T1/put/m/n/10.95 fig-u-ra-tion, back-end pro-cess or-ches-tra-tion, mon-i-tor-ing and log-ging, backup
 []

) [67]

LaTeX Warning: Empty bibliography on input line 165.

[68



] (Thesis.aux (Title.aux) (Abstract.aux) (Acknowledgements.aux) (Abbreviations.aux) (Chapters/Introduction.aux) (Chapters/Extended Background.aux) (Chapters/Method.aux) (Chapters/Problem and Requirements.aux) (Chapters/The Artefact.aux) (Chapters/Evaluation.aux) (Chapters/Discussion.aux))
 ***********
LaTeX2e <2025-11-01>
L3 programming layer <2025-12-24>
 ***********


LaTeX Warning: There were undefined references.


LaTeX Warning: Label(s) may have changed. Rerun to get cross-references right.


Package rerunfilecheck Warning: File `Thesis.out' has changed.
(rerunfilecheck)                Rerun to get outlines right
(rerunfilecheck)                or use package `bookmark'.

Package rerunfilecheck Info: Checksums for `Thesis.out':
(rerunfilecheck)             Before: <no file>
(rerunfilecheck)             After:  B5323F49AD71EB51D4E786C63DC53C52;17222.

Package biblatex Warning: Please (re)run Biber on the file:
(biblatex)                Thesis
(biblatex)                and rerun LaTeX afterwards.

Package logreq Info: Writing requests to 'Thesis.run.xml'.
\openout1 = `Thesis.run.xml'.

 ) 
Here is how much of TeX's memory you used:
 33642 strings out of 467871
 655415 string characters out of 5417408
 1492178 words of memory out of 5000000
 61809 multiletter control sequences out of 15000+600000
 715091 words of font info for 87 fonts, out of 8000000 for 9000
 1141 hyphenation exceptions out of 8191
 84i,10n,104p,1872b,1835s stack positions out of 10000i,1000n,20000p,200000b,200000s
 <C:\Users\A547484\AppData\Local\MiKTeX\fonts/pk/ljfour/jknappen/ec/dpi600\ectt1095.pk><C:/Users/A547484/AppData/Local/Programs/MiKTeX/fonts/type1/public/amsfonts/cm/cmex10.pfb><C:/Users/A547484/AppData/Local/Programs/MiKTeX/fonts/type1/public/amsfonts/cm/cmmi10.pfb><C:/Users/A547484/AppData/Local/Programs/MiKTeX/fonts/type1/public/amsfonts/cm/cmmi8.pfb><C:/Users/A547484/AppData/Local/Programs/MiKTeX/fonts/type1/public/amsfonts/cm/cmr10.pfb><C:/Users/A547484/AppData/Local/Programs/MiKTeX/fonts/type1/public/amsfonts/cm/cmsy10.pfb><C:/Users/A547484/AppData/Local/Programs/MiKTeX/fonts/type1/public/amsfonts/cm/cmsy8.pfb><C:/Users/A547484/AppData/Local/Programs/MiKTeX/fonts/type1/adobe/utopia/putb8a.pfb><C:/Users/A547484/AppData/Local/Programs/MiKTeX/fonts/type1/adobe/utopia/putr8a.pfb><C:/Users/A547484/AppData/Local/Programs/MiKTeX/fonts/type1/adobe/utopia/putri8a.pfb><C:/Users/A547484/AppData/Local/Programs/MiKTeX/fonts/type1/urw/helvetic/uhvb8a.pfb>
Output written on Thesis.pdf (82 pages, 5910543 bytes).
PDF statistics:
 576 PDF objects out of 1000 (max. 8388607)
 180 named destinations out of 1000 (max. 500000)
 88 words of extra memory for PDF output out of 10000 (max. 10000000)

